/workspace/edk2/Build/CryptoPkg/DEBUG_GCC5/X64/CryptoPkg/Library/BaseCryptLib/SmmCryptLib/OUTPUT/Hash/CryptMd5.obj
/workspace/edk2/Build/CryptoPkg/DEBUG_GCC5/X64/CryptoPkg/Library/BaseCryptLib/SmmCryptLib/OUTPUT/Hash/CryptSha1.obj
/workspace/edk2/Build/CryptoPkg/DEBUG_GCC5/X64/CryptoPkg/Library/BaseCryptLib/SmmCryptLib/OUTPUT/Hash/CryptSha256.obj
/workspace/edk2/Build/CryptoPkg/DEBUG_GCC5/X64/CryptoPkg/Library/BaseCryptLib/SmmCryptLib/OUTPUT/Hash/CryptSm3.obj
/workspace/edk2/Build/CryptoPkg/DEBUG_GCC5/X64/CryptoPkg/Library/BaseCryptLib/SmmCryptLib/OUTPUT/Hash/CryptSha512Null.obj
/workspace/edk2/Build/CryptoPkg/DEBUG_GCC5/X64/CryptoPkg/Library/BaseCryptLib/SmmCryptLib/OUTPUT/Hmac/CryptHmacSha256.obj
/workspace/edk2/Build/CryptoPkg/DEBUG_GCC5/X64/CryptoPkg/Library/BaseCryptLib/SmmCryptLib/OUTPUT/Kdf/CryptHkdfNull.obj
/workspace/edk2/Build/CryptoPkg/DEBUG_GCC5/X64/CryptoPkg/Library/BaseCryptLib/SmmCryptLib/OUTPUT/Cipher/CryptAes.obj
/workspace/edk2/Build/CryptoPkg/DEBUG_GCC5/X64/CryptoPkg/Library/BaseCryptLib/SmmCryptLib/OUTPUT/Pk/CryptRsaBasic.obj
/workspace/edk2/Build/CryptoPkg/DEBUG_GCC5/X64/CryptoPkg/Library/BaseCryptLib/SmmCryptLib/OUTPUT/Pk/CryptRsaExtNull.obj
/workspace/edk2/Build/CryptoPkg/DEBUG_GCC5/X64/CryptoPkg/Library/BaseCryptLib/SmmCryptLib/OUTPUT/Pk/CryptPkcs1Oaep.obj
/workspace/edk2/Build/CryptoPkg/DEBUG_GCC5/X64/CryptoPkg/Library/BaseCryptLib/SmmCryptLib/OUTPUT/Pk/CryptPkcs5Pbkdf2.obj
/workspace/edk2/Build/CryptoPkg/DEBUG_GCC5/X64/CryptoPkg/Library/BaseCryptLib/SmmCryptLib/OUTPUT/Pk/CryptPkcs7SignNull.obj
/workspace/edk2/Build/CryptoPkg/DEBUG_GCC5/X64/CryptoPkg/Library/BaseCryptLib/SmmCryptLib/OUTPUT/Pk/CryptPkcs7VerifyCommon.obj
/workspace/edk2/Build/CryptoPkg/DEBUG_GCC5/X64/CryptoPkg/Library/BaseCryptLib/SmmCryptLib/OUTPUT/Pk/CryptPkcs7VerifyBase.obj
/workspace/edk2/Build/CryptoPkg/DEBUG_GCC5/X64/CryptoPkg/Library/BaseCryptLib/SmmCryptLib/OUTPUT/Pk/CryptPkcs7VerifyEku.obj
/workspace/edk2/Build/CryptoPkg/DEBUG_GCC5/X64/CryptoPkg/Library/BaseCryptLib/SmmCryptLib/OUTPUT/Pk/CryptDhNull.obj
/workspace/edk2/Build/CryptoPkg/DEBUG_GCC5/X64/CryptoPkg/Library/BaseCryptLib/SmmCryptLib/OUTPUT/Pk/CryptX509.obj
/workspace/edk2/Build/CryptoPkg/DEBUG_GCC5/X64/CryptoPkg/Library/BaseCryptLib/SmmCryptLib/OUTPUT/Pk/CryptAuthenticodeNull.obj
/workspace/edk2/Build/CryptoPkg/DEBUG_GCC5/X64/CryptoPkg/Library/BaseCryptLib/SmmCryptLib/OUTPUT/Pk/CryptTsNull.obj
/workspace/edk2/Build/CryptoPkg/DEBUG_GCC5/X64/CryptoPkg/Library/BaseCryptLib/SmmCryptLib/OUTPUT/Pem/CryptPem.obj
/workspace/edk2/Build/CryptoPkg/DEBUG_GCC5/X64/CryptoPkg/Library/BaseCryptLib/SmmCryptLib/OUTPUT/SysCall/CrtWrapper.obj
/workspace/edk2/Build/CryptoPkg/DEBUG_GCC5/X64/CryptoPkg/Library/BaseCryptLib/SmmCryptLib/OUTPUT/SysCall/ConstantTimeClock.obj
/workspace/edk2/Build/CryptoPkg/DEBUG_GCC5/X64/CryptoPkg/Library/BaseCryptLib/SmmCryptLib/OUTPUT/SysCall/BaseMemAllocation.obj
/workspace/edk2/Build/CryptoPkg/DEBUG_GCC5/X64/CryptoPkg/Library/BaseCryptLib/SmmCryptLib/OUTPUT/Rand/CryptRandTsc.obj