/workspace/edk2/Build/ArmVirtQemu-ARM/DEBUG_GCC5/ARM/MdeModulePkg/Core/Pei/PeiMain/OUTPUT/PeiCore.lib
/workspace/edk2/Build/ArmVirtQemu-ARM/DEBUG_GCC5/ARM/ArmPkg/Library/ArmLib/ArmBaseLib/OUTPUT/ArmBaseLib.lib
/workspace/edk2/Build/ArmVirtQemu-ARM/DEBUG_GCC5/ARM/MdePkg/Library/PeiPcdLib/PeiPcdLib/OUTPUT/PeiPcdLib.lib
/workspace/edk2/Build/ArmVirtQemu-ARM/DEBUG_GCC5/ARM/ArmPkg/Library/PeiServicesTablePointerLib/PeiServicesTablePointerLib/OUTPUT/PeiServicesTablePointerLib.lib
/workspace/edk2/Build/ArmVirtQemu-ARM/DEBUG_GCC5/ARM/MdePkg/Library/PeiMemoryAllocationLib/PeiMemoryAllocationLib/OUTPUT/PeiMemoryAllocationLib.lib
/workspace/edk2/Build/ArmVirtQemu-ARM/DEBUG_GCC5/ARM/MdePkg/Library/BaseLib/BaseLib/OUTPUT/BaseLib.lib
/workspace/edk2/Build/ArmVirtQemu-ARM/DEBUG_GCC5/ARM/MdePkg/Library/PeiHobLib/PeiHobLib/OUTPUT/PeiHobLib.lib
/workspace/edk2/Build/ArmVirtQemu-ARM/DEBUG_GCC5/ARM/MdePkg/Library/PeiServicesLib/PeiServicesLib/OUTPUT/PeiServicesLib.lib
/workspace/edk2/Build/ArmVirtQemu-ARM/DEBUG_GCC5/ARM/MdePkg/Library/BaseMemoryLib/BaseMemoryLib/OUTPUT/BaseMemoryLib.lib
/workspace/edk2/Build/ArmVirtQemu-ARM/DEBUG_GCC5/ARM/MdePkg/Library/BaseIoLibIntrinsic/BaseIoLibIntrinsicArmVirt/OUTPUT/BaseIoLibIntrinsicArmVirt.lib
/workspace/edk2/Build/ArmVirtQemu-ARM/DEBUG_GCC5/ARM/EmbeddedPkg/Library/FdtLib/FdtLib/OUTPUT/FdtLib.lib
/workspace/edk2/Build/ArmVirtQemu-ARM/DEBUG_GCC5/ARM/ArmPlatformPkg/Library/PL011UartLib/PL011UartLib/OUTPUT/PL011UartLib.lib
/workspace/edk2/Build/ArmVirtQemu-ARM/DEBUG_GCC5/ARM/MdePkg/Library/BaseDebugPrintErrorLevelLib/BaseDebugPrintErrorLevelLib/OUTPUT/BaseDebugPrintErrorLevelLib.lib
/workspace/edk2/Build/ArmVirtQemu-ARM/DEBUG_GCC5/ARM/MdePkg/Library/BasePrintLib/BasePrintLib/OUTPUT/BasePrintLib.lib
/workspace/edk2/Build/ArmVirtQemu-ARM/DEBUG_GCC5/ARM/ArmVirtPkg/Library/FdtPL011SerialPortLib/EarlyFdtPL011SerialPortLib/OUTPUT/EarlyFdtPL011SerialPortLib.lib
/workspace/edk2/Build/ArmVirtQemu-ARM/DEBUG_GCC5/ARM/MdePkg/Library/BaseDebugLibSerialPort/BaseDebugLibSerialPort/OUTPUT/BaseDebugLibSerialPort.lib
/workspace/edk2/Build/ArmVirtQemu-ARM/DEBUG_GCC5/ARM/ArmPkg/Library/ArmGenericTimerVirtCounterLib/ArmGenericTimerVirtCounterLib/OUTPUT/ArmGenericTimerVirtCounterLib.lib
/workspace/edk2/Build/ArmVirtQemu-ARM/DEBUG_GCC5/ARM/ArmPkg/Library/ArmArchTimerLib/ArmArchTimerLib/OUTPUT/ArmArchTimerLib.lib
/workspace/edk2/Build/ArmVirtQemu-ARM/DEBUG_GCC5/ARM/ArmPkg/Library/DebugPeCoffExtraActionLib/DebugPeCoffExtraActionLib/OUTPUT/DebugUnixPeCoffExtraActionLib.lib
/workspace/edk2/Build/ArmVirtQemu-ARM/DEBUG_GCC5/ARM/MdePkg/Library/BasePeCoffGetEntryPointLib/BasePeCoffGetEntryPointLib/OUTPUT/BasePeCoffGetEntryPointLib.lib
/workspace/edk2/Build/ArmVirtQemu-ARM/DEBUG_GCC5/ARM/MdePkg/Library/BaseReportStatusCodeLibNull/BaseReportStatusCodeLibNull/OUTPUT/BaseReportStatusCodeLibNull.lib
/workspace/edk2/Build/ArmVirtQemu-ARM/DEBUG_GCC5/ARM/MdeModulePkg/Library/PeiPerformanceLib/PeiPerformanceLib/OUTPUT/PeiPerformanceLib.lib
/workspace/edk2/Build/ArmVirtQemu-ARM/DEBUG_GCC5/ARM/MdePkg/Library/PeiCoreEntryPoint/PeiCoreEntryPoint/OUTPUT/PeiCoreEntryPoint.lib
/workspace/edk2/Build/ArmVirtQemu-ARM/DEBUG_GCC5/ARM/ArmPkg/Library/ArmCacheMaintenanceLib/ArmCacheMaintenanceLib/OUTPUT/ArmCacheMaintenanceLib.lib
/workspace/edk2/Build/ArmVirtQemu-ARM/DEBUG_GCC5/ARM/MdePkg/Library/BasePeCoffLib/BasePeCoffLib/OUTPUT/BasePeCoffLib.lib
/workspace/edk2/Build/ArmVirtQemu-ARM/DEBUG_GCC5/ARM/MdePkg/Library/BaseStackCheckLib/BaseStackCheckLib/OUTPUT/BaseStackCheckLib.lib
/workspace/edk2/Build/ArmVirtQemu-ARM/DEBUG_GCC5/ARM/ArmPkg/Library/CompilerIntrinsicsLib/CompilerIntrinsicsLib/OUTPUT/CompilerIntrinsicsLib.lib