/workspace/edk2/Build/ArmVirtQemu-ARM/DEBUG_GCC5/ARM/ArmPkg/Library/ArmSoftFloatLib/ArmSoftFloatLib/OUTPUT/berkeley-softfloat-3/source/ARM-VFPv2/s_propagateNaNF64UI.obj
/workspace/edk2/Build/ArmVirtQemu-ARM/DEBUG_GCC5/ARM/ArmPkg/Library/ArmSoftFloatLib/ArmSoftFloatLib/OUTPUT/berkeley-softfloat-3/source/ARM-VFPv2/softfloat_raiseFlags.obj
/workspace/edk2/Build/ArmVirtQemu-ARM/DEBUG_GCC5/ARM/ArmPkg/Library/ArmSoftFloatLib/ArmSoftFloatLib/OUTPUT/berkeley-softfloat-3/source/f32_add.obj
/workspace/edk2/Build/ArmVirtQemu-ARM/DEBUG_GCC5/ARM/ArmPkg/Library/ArmSoftFloatLib/ArmSoftFloatLib/OUTPUT/berkeley-softfloat-3/source/f32_div.obj
/workspace/edk2/Build/ArmVirtQemu-ARM/DEBUG_GCC5/ARM/ArmPkg/Library/ArmSoftFloatLib/ArmSoftFloatLib/OUTPUT/berkeley-softfloat-3/source/f32_eq.obj
/workspace/edk2/Build/ArmVirtQemu-ARM/DEBUG_GCC5/ARM/ArmPkg/Library/ArmSoftFloatLib/ArmSoftFloatLib/OUTPUT/berkeley-softfloat-3/source/f32_le.obj
/workspace/edk2/Build/ArmVirtQemu-ARM/DEBUG_GCC5/ARM/ArmPkg/Library/ArmSoftFloatLib/ArmSoftFloatLib/OUTPUT/berkeley-softfloat-3/source/f32_lt.obj
/workspace/edk2/Build/ArmVirtQemu-ARM/DEBUG_GCC5/ARM/ArmPkg/Library/ArmSoftFloatLib/ArmSoftFloatLib/OUTPUT/berkeley-softfloat-3/source/f32_mul.obj
/workspace/edk2/Build/ArmVirtQemu-ARM/DEBUG_GCC5/ARM/ArmPkg/Library/ArmSoftFloatLib/ArmSoftFloatLib/OUTPUT/berkeley-softfloat-3/source/f32_sub.obj
/workspace/edk2/Build/ArmVirtQemu-ARM/DEBUG_GCC5/ARM/ArmPkg/Library/ArmSoftFloatLib/ArmSoftFloatLib/OUTPUT/berkeley-softfloat-3/source/f32_to_f64.obj
/workspace/edk2/Build/ArmVirtQemu-ARM/DEBUG_GCC5/ARM/ArmPkg/Library/ArmSoftFloatLib/ArmSoftFloatLib/OUTPUT/berkeley-softfloat-3/source/f32_to_i32_r_minMag.obj
/workspace/edk2/Build/ArmVirtQemu-ARM/DEBUG_GCC5/ARM/ArmPkg/Library/ArmSoftFloatLib/ArmSoftFloatLib/OUTPUT/berkeley-softfloat-3/source/f32_to_i64_r_minMag.obj
/workspace/edk2/Build/ArmVirtQemu-ARM/DEBUG_GCC5/ARM/ArmPkg/Library/ArmSoftFloatLib/ArmSoftFloatLib/OUTPUT/berkeley-softfloat-3/source/f32_to_ui32_r_minMag.obj
/workspace/edk2/Build/ArmVirtQemu-ARM/DEBUG_GCC5/ARM/ArmPkg/Library/ArmSoftFloatLib/ArmSoftFloatLib/OUTPUT/berkeley-softfloat-3/source/f32_to_ui64_r_minMag.obj
/workspace/edk2/Build/ArmVirtQemu-ARM/DEBUG_GCC5/ARM/ArmPkg/Library/ArmSoftFloatLib/ArmSoftFloatLib/OUTPUT/berkeley-softfloat-3/source/f64_add.obj
/workspace/edk2/Build/ArmVirtQemu-ARM/DEBUG_GCC5/ARM/ArmPkg/Library/ArmSoftFloatLib/ArmSoftFloatLib/OUTPUT/berkeley-softfloat-3/source/f64_div.obj
/workspace/edk2/Build/ArmVirtQemu-ARM/DEBUG_GCC5/ARM/ArmPkg/Library/ArmSoftFloatLib/ArmSoftFloatLib/OUTPUT/berkeley-softfloat-3/source/f64_eq.obj
/workspace/edk2/Build/ArmVirtQemu-ARM/DEBUG_GCC5/ARM/ArmPkg/Library/ArmSoftFloatLib/ArmSoftFloatLib/OUTPUT/berkeley-softfloat-3/source/f64_le.obj
/workspace/edk2/Build/ArmVirtQemu-ARM/DEBUG_GCC5/ARM/ArmPkg/Library/ArmSoftFloatLib/ArmSoftFloatLib/OUTPUT/berkeley-softfloat-3/source/f64_lt.obj
/workspace/edk2/Build/ArmVirtQemu-ARM/DEBUG_GCC5/ARM/ArmPkg/Library/ArmSoftFloatLib/ArmSoftFloatLib/OUTPUT/berkeley-softfloat-3/source/f64_mul.obj
/workspace/edk2/Build/ArmVirtQemu-ARM/DEBUG_GCC5/ARM/ArmPkg/Library/ArmSoftFloatLib/ArmSoftFloatLib/OUTPUT/berkeley-softfloat-3/source/f64_sub.obj
/workspace/edk2/Build/ArmVirtQemu-ARM/DEBUG_GCC5/ARM/ArmPkg/Library/ArmSoftFloatLib/ArmSoftFloatLib/OUTPUT/berkeley-softfloat-3/source/f64_to_f32.obj
/workspace/edk2/Build/ArmVirtQemu-ARM/DEBUG_GCC5/ARM/ArmPkg/Library/ArmSoftFloatLib/ArmSoftFloatLib/OUTPUT/berkeley-softfloat-3/source/f64_to_i32_r_minMag.obj
/workspace/edk2/Build/ArmVirtQemu-ARM/DEBUG_GCC5/ARM/ArmPkg/Library/ArmSoftFloatLib/ArmSoftFloatLib/OUTPUT/berkeley-softfloat-3/source/f64_to_i64_r_minMag.obj
/workspace/edk2/Build/ArmVirtQemu-ARM/DEBUG_GCC5/ARM/ArmPkg/Library/ArmSoftFloatLib/ArmSoftFloatLib/OUTPUT/berkeley-softfloat-3/source/f64_to_ui32_r_minMag.obj
/workspace/edk2/Build/ArmVirtQemu-ARM/DEBUG_GCC5/ARM/ArmPkg/Library/ArmSoftFloatLib/ArmSoftFloatLib/OUTPUT/berkeley-softfloat-3/source/f64_to_ui64_r_minMag.obj
/workspace/edk2/Build/ArmVirtQemu-ARM/DEBUG_GCC5/ARM/ArmPkg/Library/ArmSoftFloatLib/ArmSoftFloatLib/OUTPUT/berkeley-softfloat-3/source/i32_to_f32.obj
/workspace/edk2/Build/ArmVirtQemu-ARM/DEBUG_GCC5/ARM/ArmPkg/Library/ArmSoftFloatLib/ArmSoftFloatLib/OUTPUT/berkeley-softfloat-3/source/i32_to_f64.obj
/workspace/edk2/Build/ArmVirtQemu-ARM/DEBUG_GCC5/ARM/ArmPkg/Library/ArmSoftFloatLib/ArmSoftFloatLib/OUTPUT/berkeley-softfloat-3/source/i64_to_f32.obj
/workspace/edk2/Build/ArmVirtQemu-ARM/DEBUG_GCC5/ARM/ArmPkg/Library/ArmSoftFloatLib/ArmSoftFloatLib/OUTPUT/berkeley-softfloat-3/source/i64_to_f64.obj
/workspace/edk2/Build/ArmVirtQemu-ARM/DEBUG_GCC5/ARM/ArmPkg/Library/ArmSoftFloatLib/ArmSoftFloatLib/OUTPUT/berkeley-softfloat-3/source/s_addMagsF32.obj
/workspace/edk2/Build/ArmVirtQemu-ARM/DEBUG_GCC5/ARM/ArmPkg/Library/ArmSoftFloatLib/ArmSoftFloatLib/OUTPUT/berkeley-softfloat-3/source/s_addMagsF64.obj
/workspace/edk2/Build/ArmVirtQemu-ARM/DEBUG_GCC5/ARM/ArmPkg/Library/ArmSoftFloatLib/ArmSoftFloatLib/OUTPUT/berkeley-softfloat-3/source/s_countLeadingZeros32.obj
/workspace/edk2/Build/ArmVirtQemu-ARM/DEBUG_GCC5/ARM/ArmPkg/Library/ArmSoftFloatLib/ArmSoftFloatLib/OUTPUT/berkeley-softfloat-3/source/s_countLeadingZeros64.obj
/workspace/edk2/Build/ArmVirtQemu-ARM/DEBUG_GCC5/ARM/ArmPkg/Library/ArmSoftFloatLib/ArmSoftFloatLib/OUTPUT/berkeley-softfloat-3/source/s_countLeadingZeros8.obj
/workspace/edk2/Build/ArmVirtQemu-ARM/DEBUG_GCC5/ARM/ArmPkg/Library/ArmSoftFloatLib/ArmSoftFloatLib/OUTPUT/berkeley-softfloat-3/source/s_mul64To128.obj
/workspace/edk2/Build/ArmVirtQemu-ARM/DEBUG_GCC5/ARM/ArmPkg/Library/ArmSoftFloatLib/ArmSoftFloatLib/OUTPUT/berkeley-softfloat-3/source/s_normRoundPackToF32.obj
/workspace/edk2/Build/ArmVirtQemu-ARM/DEBUG_GCC5/ARM/ArmPkg/Library/ArmSoftFloatLib/ArmSoftFloatLib/OUTPUT/berkeley-softfloat-3/source/s_normRoundPackToF64.obj
/workspace/edk2/Build/ArmVirtQemu-ARM/DEBUG_GCC5/ARM/ArmPkg/Library/ArmSoftFloatLib/ArmSoftFloatLib/OUTPUT/berkeley-softfloat-3/source/s_normSubnormalF32Sig.obj
/workspace/edk2/Build/ArmVirtQemu-ARM/DEBUG_GCC5/ARM/ArmPkg/Library/ArmSoftFloatLib/ArmSoftFloatLib/OUTPUT/berkeley-softfloat-3/source/s_normSubnormalF64Sig.obj
/workspace/edk2/Build/ArmVirtQemu-ARM/DEBUG_GCC5/ARM/ArmPkg/Library/ArmSoftFloatLib/ArmSoftFloatLib/OUTPUT/berkeley-softfloat-3/source/s_roundPackToF32.obj
/workspace/edk2/Build/ArmVirtQemu-ARM/DEBUG_GCC5/ARM/ArmPkg/Library/ArmSoftFloatLib/ArmSoftFloatLib/OUTPUT/berkeley-softfloat-3/source/s_roundPackToF64.obj
/workspace/edk2/Build/ArmVirtQemu-ARM/DEBUG_GCC5/ARM/ArmPkg/Library/ArmSoftFloatLib/ArmSoftFloatLib/OUTPUT/berkeley-softfloat-3/source/s_shiftRightJam32.obj
/workspace/edk2/Build/ArmVirtQemu-ARM/DEBUG_GCC5/ARM/ArmPkg/Library/ArmSoftFloatLib/ArmSoftFloatLib/OUTPUT/berkeley-softfloat-3/source/s_shiftRightJam64.obj
/workspace/edk2/Build/ArmVirtQemu-ARM/DEBUG_GCC5/ARM/ArmPkg/Library/ArmSoftFloatLib/ArmSoftFloatLib/OUTPUT/berkeley-softfloat-3/source/s_shortShiftRightJam64.obj
/workspace/edk2/Build/ArmVirtQemu-ARM/DEBUG_GCC5/ARM/ArmPkg/Library/ArmSoftFloatLib/ArmSoftFloatLib/OUTPUT/berkeley-softfloat-3/source/s_subMagsF32.obj
/workspace/edk2/Build/ArmVirtQemu-ARM/DEBUG_GCC5/ARM/ArmPkg/Library/ArmSoftFloatLib/ArmSoftFloatLib/OUTPUT/berkeley-softfloat-3/source/s_subMagsF64.obj
/workspace/edk2/Build/ArmVirtQemu-ARM/DEBUG_GCC5/ARM/ArmPkg/Library/ArmSoftFloatLib/ArmSoftFloatLib/OUTPUT/berkeley-softfloat-3/source/softfloat_state.obj
/workspace/edk2/Build/ArmVirtQemu-ARM/DEBUG_GCC5/ARM/ArmPkg/Library/ArmSoftFloatLib/ArmSoftFloatLib/OUTPUT/berkeley-softfloat-3/source/ui32_to_f32.obj
/workspace/edk2/Build/ArmVirtQemu-ARM/DEBUG_GCC5/ARM/ArmPkg/Library/ArmSoftFloatLib/ArmSoftFloatLib/OUTPUT/berkeley-softfloat-3/source/ui32_to_f64.obj
/workspace/edk2/Build/ArmVirtQemu-ARM/DEBUG_GCC5/ARM/ArmPkg/Library/ArmSoftFloatLib/ArmSoftFloatLib/OUTPUT/berkeley-softfloat-3/source/ui64_to_f32.obj
/workspace/edk2/Build/ArmVirtQemu-ARM/DEBUG_GCC5/ARM/ArmPkg/Library/ArmSoftFloatLib/ArmSoftFloatLib/OUTPUT/berkeley-softfloat-3/source/ui64_to_f64.obj
/workspace/edk2/Build/ArmVirtQemu-ARM/DEBUG_GCC5/ARM/ArmPkg/Library/ArmSoftFloatLib/ArmSoftFloatLib/OUTPUT/ArmSoftFloatLib.obj