/workspace/edk2/Build/OvmfX64/DEBUG_GCC5/X64/MdeModulePkg/Universal/Acpi/BootScriptExecutorDxe/BootScriptExecutorDxe/OUTPUT/BootScriptExecutorDxe.lib
/workspace/edk2/Build/OvmfX64/DEBUG_GCC5/X64/MdePkg/Library/BaseLib/BaseLib/OUTPUT/BaseLib.lib
/workspace/edk2/Build/OvmfX64/DEBUG_GCC5/X64/MdePkg/Library/BaseMemoryLibRepStr/BaseMemoryLibRepStr/OUTPUT/BaseMemoryLibRepStr.lib
/workspace/edk2/Build/OvmfX64/DEBUG_GCC5/X64/MdePkg/Library/DxePcdLib/DxePcdLib/OUTPUT/DxePcdLib.lib
/workspace/edk2/Build/OvmfX64/DEBUG_GCC5/X64/MdePkg/Library/BaseDebugPrintErrorLevelLib/BaseDebugPrintErrorLevelLib/OUTPUT/BaseDebugPrintErrorLevelLib.lib
/workspace/edk2/Build/OvmfX64/DEBUG_GCC5/X64/MdePkg/Library/BasePrintLib/BasePrintLib/OUTPUT/BasePrintLib.lib
/workspace/edk2/Build/OvmfX64/DEBUG_GCC5/X64/MdePkg/Library/BaseIoLibIntrinsic/BaseIoLibIntrinsicSev/OUTPUT/BaseIoLibIntrinsicSev.lib
/workspace/edk2/Build/OvmfX64/DEBUG_GCC5/X64/OvmfPkg/Library/PlatformDebugLibIoPort/PlatformDebugLibIoPort/OUTPUT/PlatformDebugLibIoPort.lib
/workspace/edk2/Build/OvmfX64/DEBUG_GCC5/X64/MdePkg/Library/UefiBootServicesTableLib/UefiBootServicesTableLib/OUTPUT/UefiBootServicesTableLib.lib
/workspace/edk2/Build/OvmfX64/DEBUG_GCC5/X64/MdePkg/Library/BaseCpuLib/BaseCpuLib/OUTPUT/BaseCpuLib.lib
/workspace/edk2/Build/OvmfX64/DEBUG_GCC5/X64/MdePkg/Library/UefiMemoryAllocationLib/UefiMemoryAllocationLib/OUTPUT/UefiMemoryAllocationLib.lib
/workspace/edk2/Build/OvmfX64/DEBUG_GCC5/X64/MdePkg/Library/BaseCacheMaintenanceLib/BaseCacheMaintenanceLib/OUTPUT/BaseCacheMaintenanceLib.lib
/workspace/edk2/Build/OvmfX64/DEBUG_GCC5/X64/OvmfPkg/Library/BaseMemEncryptSevLib/BaseMemEncryptSevLib/OUTPUT/MemEncryptSevLib.lib
/workspace/edk2/Build/OvmfX64/DEBUG_GCC5/X64/MdePkg/Library/BasePciExpressLib/BasePciExpressLib/OUTPUT/BasePciExpressLib.lib
/workspace/edk2/Build/OvmfX64/DEBUG_GCC5/X64/MdePkg/Library/BasePciCf8Lib/BasePciCf8Lib/OUTPUT/BasePciCf8Lib.lib
/workspace/edk2/Build/OvmfX64/DEBUG_GCC5/X64/OvmfPkg/Library/QemuFwCfgLib/QemuFwCfgDxeLib/OUTPUT/QemuFwCfgDxeLib.lib
/workspace/edk2/Build/OvmfX64/DEBUG_GCC5/X64/MdePkg/Library/UefiRuntimeServicesTableLib/UefiRuntimeServicesTableLib/OUTPUT/UefiRuntimeServicesTableLib.lib
/workspace/edk2/Build/OvmfX64/DEBUG_GCC5/X64/MdePkg/Library/UefiDevicePathLibDevicePathProtocol/UefiDevicePathLibDevicePathProtocol/OUTPUT/UefiDevicePathLibDevicePathProtocol.lib
/workspace/edk2/Build/OvmfX64/DEBUG_GCC5/X64/OvmfPkg/Library/DxePciLibI440FxQ35/DxePciLibI440FxQ35/OUTPUT/DxePciLibI440FxQ35.lib
/workspace/edk2/Build/OvmfX64/DEBUG_GCC5/X64/OvmfPkg/Library/QemuFwCfgS3Lib/DxeQemuFwCfgS3LibFwCfg/OUTPUT/DxeQemuFwCfgS3LibFwCfg.lib
/workspace/edk2/Build/OvmfX64/DEBUG_GCC5/X64/MdePkg/Library/UefiLib/UefiLib/OUTPUT/UefiLib.lib
/workspace/edk2/Build/OvmfX64/DEBUG_GCC5/X64/UefiCpuPkg/Library/BaseUefiCpuLib/BaseUefiCpuLib/OUTPUT/BaseUefiCpuLib.lib
/workspace/edk2/Build/OvmfX64/DEBUG_GCC5/X64/OvmfPkg/Library/AcpiTimerLib/DxeAcpiTimerLib/OUTPUT/DxeAcpiTimerLib.lib
/workspace/edk2/Build/OvmfX64/DEBUG_GCC5/X64/MdePkg/Library/BasePciSegmentLibPci/BasePciSegmentLibPci/OUTPUT/BasePciSegmentLibPci.lib
/workspace/edk2/Build/OvmfX64/DEBUG_GCC5/X64/MdePkg/Library/BaseSmbusLibNull/BaseSmbusLibNull/OUTPUT/BaseSmbusLibNull.lib
/workspace/edk2/Build/OvmfX64/DEBUG_GCC5/X64/OvmfPkg/Library/LockBoxLib/LockBoxDxeLib/OUTPUT/LockBoxDxeLib.lib
/workspace/edk2/Build/OvmfX64/DEBUG_GCC5/X64/MdePkg/Library/BasePeCoffExtraActionLibNull/BasePeCoffExtraActionLibNull/OUTPUT/PeCoffExtraActionLibNull.lib
/workspace/edk2/Build/OvmfX64/DEBUG_GCC5/X64/MdePkg/Library/DxeHobLib/DxeHobLib/OUTPUT/DxeHobLib.lib
/workspace/edk2/Build/OvmfX64/DEBUG_GCC5/X64/OvmfPkg/Library/VmgExitLib/VmgExitLib/OUTPUT/VmgExitLib.lib
/workspace/edk2/Build/OvmfX64/DEBUG_GCC5/X64/MdePkg/Library/BasePeCoffGetEntryPointLib/BasePeCoffGetEntryPointLib/OUTPUT/BasePeCoffGetEntryPointLib.lib
/workspace/edk2/Build/OvmfX64/DEBUG_GCC5/X64/UefiCpuPkg/Library/BaseXApicX2ApicLib/BaseXApicX2ApicLib/OUTPUT/BaseXApicX2ApicLib.lib
/workspace/edk2/Build/OvmfX64/DEBUG_GCC5/X64/MdePkg/Library/BaseSynchronizationLib/BaseSynchronizationLib/OUTPUT/BaseSynchronizationLib.lib
/workspace/edk2/Build/OvmfX64/DEBUG_GCC5/X64/PcAtChipsetPkg/Library/SerialIoLib/SerialIoLib/OUTPUT/PcAtSerialPortLib.lib
/workspace/edk2/Build/OvmfX64/DEBUG_GCC5/X64/MdePkg/Library/UefiDriverEntryPoint/UefiDriverEntryPoint/OUTPUT/UefiDriverEntryPoint.lib
/workspace/edk2/Build/OvmfX64/DEBUG_GCC5/X64/MdeModulePkg/Library/PiDxeS3BootScriptLib/DxeS3BootScriptLib/OUTPUT/DxeS3BootScriptLib.lib
/workspace/edk2/Build/OvmfX64/DEBUG_GCC5/X64/MdePkg/Library/BasePeCoffLib/BasePeCoffLib/OUTPUT/BasePeCoffLib.lib
/workspace/edk2/Build/OvmfX64/DEBUG_GCC5/X64/MdePkg/Library/DxeServicesLib/DxeServicesLib/OUTPUT/DxeServicesLib.lib
/workspace/edk2/Build/OvmfX64/DEBUG_GCC5/X64/MdeModulePkg/Library/DebugAgentLibNull/DebugAgentLibNull/OUTPUT/DebugAgentLibNull.lib
/workspace/edk2/Build/OvmfX64/DEBUG_GCC5/X64/UefiCpuPkg/Library/CpuExceptionHandlerLib/DxeCpuExceptionHandlerLib/OUTPUT/DxeCpuExceptionHandlerLib.lib
/workspace/edk2/Build/OvmfX64/DEBUG_GCC5/X64/MdePkg/Library/DxeServicesTableLib/DxeServicesTableLib/OUTPUT/DxeServicesTableLib.lib