/workspace/edk2/Build/ArmVirtQemu-ARM/DEBUG_GCC5/ARM/MdeModulePkg/Universal/Variable/RuntimeDxe/VariableRuntimeDxe/OUTPUT/VariableRuntimeDxe.lib
/workspace/edk2/Build/ArmVirtQemu-ARM/DEBUG_GCC5/ARM/MdePkg/Library/DxePcdLib/DxePcdLib/OUTPUT/DxePcdLib.lib
/workspace/edk2/Build/ArmVirtQemu-ARM/DEBUG_GCC5/ARM/MdePkg/Library/BaseMemoryLib/BaseMemoryLib/OUTPUT/BaseMemoryLib.lib
/workspace/edk2/Build/ArmVirtQemu-ARM/DEBUG_GCC5/ARM/MdePkg/Library/BaseLib/BaseLib/OUTPUT/BaseLib.lib
/workspace/edk2/Build/ArmVirtQemu-ARM/DEBUG_GCC5/ARM/MdePkg/Library/BaseIoLibIntrinsic/BaseIoLibIntrinsicArmVirt/OUTPUT/BaseIoLibIntrinsicArmVirt.lib
/workspace/edk2/Build/ArmVirtQemu-ARM/DEBUG_GCC5/ARM/ArmPlatformPkg/Library/PL011UartLib/PL011UartLib/OUTPUT/PL011UartLib.lib
/workspace/edk2/Build/ArmVirtQemu-ARM/DEBUG_GCC5/ARM/ArmVirtPkg/Library/ArmVirtDxeHobLib/ArmVirtDxeHobLib/OUTPUT/ArmVirtDxeHobLib.lib
/workspace/edk2/Build/ArmVirtQemu-ARM/DEBUG_GCC5/ARM/ArmVirtPkg/Library/FdtPL011SerialPortLib/FdtPL011SerialPortLib/OUTPUT/FdtPL011SerialPortLib.lib
/workspace/edk2/Build/ArmVirtQemu-ARM/DEBUG_GCC5/ARM/MdePkg/Library/BasePrintLib/BasePrintLib/OUTPUT/BasePrintLib.lib
/workspace/edk2/Build/ArmVirtQemu-ARM/DEBUG_GCC5/ARM/MdePkg/Library/BaseDebugPrintErrorLevelLib/BaseDebugPrintErrorLevelLib/OUTPUT/BaseDebugPrintErrorLevelLib.lib
/workspace/edk2/Build/ArmVirtQemu-ARM/DEBUG_GCC5/ARM/MdePkg/Library/DxeRuntimeDebugLibSerialPort/DxeRuntimeDebugLibSerialPort/OUTPUT/DxeRuntimeDebugLibSerialPort.lib
/workspace/edk2/Build/ArmVirtQemu-ARM/DEBUG_GCC5/ARM/MdePkg/Library/UefiBootServicesTableLib/UefiBootServicesTableLib/OUTPUT/UefiBootServicesTableLib.lib
/workspace/edk2/Build/ArmVirtQemu-ARM/DEBUG_GCC5/ARM/ArmPkg/Library/ArmLib/ArmBaseLib/OUTPUT/ArmBaseLib.lib
/workspace/edk2/Build/ArmVirtQemu-ARM/DEBUG_GCC5/ARM/MdePkg/Library/UefiMemoryAllocationLib/UefiMemoryAllocationLib/OUTPUT/UefiMemoryAllocationLib.lib
/workspace/edk2/Build/ArmVirtQemu-ARM/DEBUG_GCC5/ARM/ArmPkg/Library/ArmGenericTimerVirtCounterLib/ArmGenericTimerVirtCounterLib/OUTPUT/ArmGenericTimerVirtCounterLib.lib
/workspace/edk2/Build/ArmVirtQemu-ARM/DEBUG_GCC5/ARM/MdePkg/Library/UefiRuntimeServicesTableLib/UefiRuntimeServicesTableLib/OUTPUT/UefiRuntimeServicesTableLib.lib
/workspace/edk2/Build/ArmVirtQemu-ARM/DEBUG_GCC5/ARM/MdePkg/Library/UefiDevicePathLibDevicePathProtocol/UefiDevicePathLibDevicePathProtocol/OUTPUT/UefiDevicePathLibDevicePathProtocol.lib
/workspace/edk2/Build/ArmVirtQemu-ARM/DEBUG_GCC5/ARM/ArmPkg/Library/ArmArchTimerLib/ArmArchTimerLib/OUTPUT/ArmArchTimerLib.lib
/workspace/edk2/Build/ArmVirtQemu-ARM/DEBUG_GCC5/ARM/MdePkg/Library/UefiLib/UefiLib/OUTPUT/UefiLib.lib
/workspace/edk2/Build/ArmVirtQemu-ARM/DEBUG_GCC5/ARM/MdePkg/Library/BaseSafeIntLib/BaseSafeIntLib/OUTPUT/BaseSafeIntLib.lib
/workspace/edk2/Build/ArmVirtQemu-ARM/DEBUG_GCC5/ARM/MdeModulePkg/Library/VarCheckLib/VarCheckLib/OUTPUT/VarCheckLib.lib
/workspace/edk2/Build/ArmVirtQemu-ARM/DEBUG_GCC5/ARM/MdePkg/Library/BaseSynchronizationLib/BaseSynchronizationLib/OUTPUT/BaseSynchronizationLib.lib
/workspace/edk2/Build/ArmVirtQemu-ARM/DEBUG_GCC5/ARM/MdePkg/Library/UefiRuntimeLib/UefiRuntimeLib/OUTPUT/UefiRuntimeLib.lib
/workspace/edk2/Build/ArmVirtQemu-ARM/DEBUG_GCC5/ARM/MdePkg/Library/DxeServicesTableLib/DxeServicesTableLib/OUTPUT/DxeServicesTableLib.lib
/workspace/edk2/Build/ArmVirtQemu-ARM/DEBUG_GCC5/ARM/MdePkg/Library/UefiDriverEntryPoint/UefiDriverEntryPoint/OUTPUT/UefiDriverEntryPoint.lib
/workspace/edk2/Build/ArmVirtQemu-ARM/DEBUG_GCC5/ARM/MdeModulePkg/Library/TpmMeasurementLibNull/TpmMeasurementLibNull/OUTPUT/TpmMeasurementLibNull.lib
/workspace/edk2/Build/ArmVirtQemu-ARM/DEBUG_GCC5/ARM/MdeModulePkg/Library/AuthVariableLibNull/AuthVariableLibNull/OUTPUT/AuthVariableLibNull.lib
/workspace/edk2/Build/ArmVirtQemu-ARM/DEBUG_GCC5/ARM/MdeModulePkg/Library/VariablePolicyLib/VariablePolicyLibRuntimeDxe/OUTPUT/VariablePolicyLibRuntimeDxe.lib
/workspace/edk2/Build/ArmVirtQemu-ARM/DEBUG_GCC5/ARM/MdeModulePkg/Library/VariablePolicyHelperLib/VariablePolicyHelperLib/OUTPUT/VariablePolicyHelperLib.lib
/workspace/edk2/Build/ArmVirtQemu-ARM/DEBUG_GCC5/ARM/MdePkg/Library/BaseStackCheckLib/BaseStackCheckLib/OUTPUT/BaseStackCheckLib.lib
/workspace/edk2/Build/ArmVirtQemu-ARM/DEBUG_GCC5/ARM/ArmPkg/Library/CompilerIntrinsicsLib/CompilerIntrinsicsLib/OUTPUT/CompilerIntrinsicsLib.lib
/workspace/edk2/Build/ArmVirtQemu-ARM/DEBUG_GCC5/ARM/MdeModulePkg/Library/VarCheckUefiLib/VarCheckUefiLib/OUTPUT/VarCheckUefiLib.lib
/workspace/edk2/Build/ArmVirtQemu-ARM/DEBUG_GCC5/ARM/EmbeddedPkg/Library/NvVarStoreFormattedLib/NvVarStoreFormattedLib/OUTPUT/NvVarStoreFormattedLib.lib