/workspace/edk2/Build/CryptoPkg/DEBUG_GCC5/X64/CryptoPkg/Library/BaseCryptLibNull/BaseCryptLibNull/OUTPUT/Hash/CryptMd5Null.obj
/workspace/edk2/Build/CryptoPkg/DEBUG_GCC5/X64/CryptoPkg/Library/BaseCryptLibNull/BaseCryptLibNull/OUTPUT/Hash/CryptSha1Null.obj
/workspace/edk2/Build/CryptoPkg/DEBUG_GCC5/X64/CryptoPkg/Library/BaseCryptLibNull/BaseCryptLibNull/OUTPUT/Hash/CryptSha256Null.obj
/workspace/edk2/Build/CryptoPkg/DEBUG_GCC5/X64/CryptoPkg/Library/BaseCryptLibNull/BaseCryptLibNull/OUTPUT/Hash/CryptSha512Null.obj
/workspace/edk2/Build/CryptoPkg/DEBUG_GCC5/X64/CryptoPkg/Library/BaseCryptLibNull/BaseCryptLibNull/OUTPUT/Hash/CryptSm3Null.obj
/workspace/edk2/Build/CryptoPkg/DEBUG_GCC5/X64/CryptoPkg/Library/BaseCryptLibNull/BaseCryptLibNull/OUTPUT/Hmac/CryptHmacSha256Null.obj
/workspace/edk2/Build/CryptoPkg/DEBUG_GCC5/X64/CryptoPkg/Library/BaseCryptLibNull/BaseCryptLibNull/OUTPUT/Kdf/CryptHkdfNull.obj
/workspace/edk2/Build/CryptoPkg/DEBUG_GCC5/X64/CryptoPkg/Library/BaseCryptLibNull/BaseCryptLibNull/OUTPUT/Cipher/CryptAesNull.obj
/workspace/edk2/Build/CryptoPkg/DEBUG_GCC5/X64/CryptoPkg/Library/BaseCryptLibNull/BaseCryptLibNull/OUTPUT/Pk/CryptRsaBasicNull.obj
/workspace/edk2/Build/CryptoPkg/DEBUG_GCC5/X64/CryptoPkg/Library/BaseCryptLibNull/BaseCryptLibNull/OUTPUT/Pk/CryptRsaExtNull.obj
/workspace/edk2/Build/CryptoPkg/DEBUG_GCC5/X64/CryptoPkg/Library/BaseCryptLibNull/BaseCryptLibNull/OUTPUT/Pk/CryptPkcs1OaepNull.obj
/workspace/edk2/Build/CryptoPkg/DEBUG_GCC5/X64/CryptoPkg/Library/BaseCryptLibNull/BaseCryptLibNull/OUTPUT/Pk/CryptPkcs5Pbkdf2Null.obj
/workspace/edk2/Build/CryptoPkg/DEBUG_GCC5/X64/CryptoPkg/Library/BaseCryptLibNull/BaseCryptLibNull/OUTPUT/Pk/CryptPkcs7SignNull.obj
/workspace/edk2/Build/CryptoPkg/DEBUG_GCC5/X64/CryptoPkg/Library/BaseCryptLibNull/BaseCryptLibNull/OUTPUT/Pk/CryptPkcs7VerifyNull.obj
/workspace/edk2/Build/CryptoPkg/DEBUG_GCC5/X64/CryptoPkg/Library/BaseCryptLibNull/BaseCryptLibNull/OUTPUT/Pk/CryptPkcs7VerifyEkuNull.obj
/workspace/edk2/Build/CryptoPkg/DEBUG_GCC5/X64/CryptoPkg/Library/BaseCryptLibNull/BaseCryptLibNull/OUTPUT/Pk/CryptDhNull.obj
/workspace/edk2/Build/CryptoPkg/DEBUG_GCC5/X64/CryptoPkg/Library/BaseCryptLibNull/BaseCryptLibNull/OUTPUT/Pk/CryptX509Null.obj
/workspace/edk2/Build/CryptoPkg/DEBUG_GCC5/X64/CryptoPkg/Library/BaseCryptLibNull/BaseCryptLibNull/OUTPUT/Pk/CryptAuthenticodeNull.obj
/workspace/edk2/Build/CryptoPkg/DEBUG_GCC5/X64/CryptoPkg/Library/BaseCryptLibNull/BaseCryptLibNull/OUTPUT/Pk/CryptTsNull.obj
/workspace/edk2/Build/CryptoPkg/DEBUG_GCC5/X64/CryptoPkg/Library/BaseCryptLibNull/BaseCryptLibNull/OUTPUT/Pem/CryptPemNull.obj
/workspace/edk2/Build/CryptoPkg/DEBUG_GCC5/X64/CryptoPkg/Library/BaseCryptLibNull/BaseCryptLibNull/OUTPUT/Rand/CryptRandNull.obj