/workspace/edk2/Build/CryptoPkg/DEBUG_GCC5/X64/CryptoPkg/Library/BaseCryptLib/RuntimeCryptLib/OUTPUT/Hash/CryptMd5.obj
/workspace/edk2/Build/CryptoPkg/DEBUG_GCC5/X64/CryptoPkg/Library/BaseCryptLib/RuntimeCryptLib/OUTPUT/Hash/CryptSha1.obj
/workspace/edk2/Build/CryptoPkg/DEBUG_GCC5/X64/CryptoPkg/Library/BaseCryptLib/RuntimeCryptLib/OUTPUT/Hash/CryptSha256.obj
/workspace/edk2/Build/CryptoPkg/DEBUG_GCC5/X64/CryptoPkg/Library/BaseCryptLib/RuntimeCryptLib/OUTPUT/Hash/CryptSm3.obj
/workspace/edk2/Build/CryptoPkg/DEBUG_GCC5/X64/CryptoPkg/Library/BaseCryptLib/RuntimeCryptLib/OUTPUT/Hash/CryptSha512Null.obj
/workspace/edk2/Build/CryptoPkg/DEBUG_GCC5/X64/CryptoPkg/Library/BaseCryptLib/RuntimeCryptLib/OUTPUT/Hmac/CryptHmacSha256.obj
/workspace/edk2/Build/CryptoPkg/DEBUG_GCC5/X64/CryptoPkg/Library/BaseCryptLib/RuntimeCryptLib/OUTPUT/Kdf/CryptHkdf.obj
/workspace/edk2/Build/CryptoPkg/DEBUG_GCC5/X64/CryptoPkg/Library/BaseCryptLib/RuntimeCryptLib/OUTPUT/Cipher/CryptAes.obj
/workspace/edk2/Build/CryptoPkg/DEBUG_GCC5/X64/CryptoPkg/Library/BaseCryptLib/RuntimeCryptLib/OUTPUT/Pk/CryptRsaBasic.obj
/workspace/edk2/Build/CryptoPkg/DEBUG_GCC5/X64/CryptoPkg/Library/BaseCryptLib/RuntimeCryptLib/OUTPUT/Pk/CryptRsaExtNull.obj
/workspace/edk2/Build/CryptoPkg/DEBUG_GCC5/X64/CryptoPkg/Library/BaseCryptLib/RuntimeCryptLib/OUTPUT/Pk/CryptPkcs1OaepNull.obj
/workspace/edk2/Build/CryptoPkg/DEBUG_GCC5/X64/CryptoPkg/Library/BaseCryptLib/RuntimeCryptLib/OUTPUT/Pk/CryptPkcs5Pbkdf2Null.obj
/workspace/edk2/Build/CryptoPkg/DEBUG_GCC5/X64/CryptoPkg/Library/BaseCryptLib/RuntimeCryptLib/OUTPUT/Pk/CryptPkcs7SignNull.obj
/workspace/edk2/Build/CryptoPkg/DEBUG_GCC5/X64/CryptoPkg/Library/BaseCryptLib/RuntimeCryptLib/OUTPUT/Pk/CryptPkcs7VerifyCommon.obj
/workspace/edk2/Build/CryptoPkg/DEBUG_GCC5/X64/CryptoPkg/Library/BaseCryptLib/RuntimeCryptLib/OUTPUT/Pk/CryptPkcs7VerifyRuntime.obj
/workspace/edk2/Build/CryptoPkg/DEBUG_GCC5/X64/CryptoPkg/Library/BaseCryptLib/RuntimeCryptLib/OUTPUT/Pk/CryptPkcs7VerifyEkuRuntime.obj
/workspace/edk2/Build/CryptoPkg/DEBUG_GCC5/X64/CryptoPkg/Library/BaseCryptLib/RuntimeCryptLib/OUTPUT/Pk/CryptDhNull.obj
/workspace/edk2/Build/CryptoPkg/DEBUG_GCC5/X64/CryptoPkg/Library/BaseCryptLib/RuntimeCryptLib/OUTPUT/Pk/CryptX509.obj
/workspace/edk2/Build/CryptoPkg/DEBUG_GCC5/X64/CryptoPkg/Library/BaseCryptLib/RuntimeCryptLib/OUTPUT/Pk/CryptAuthenticodeNull.obj
/workspace/edk2/Build/CryptoPkg/DEBUG_GCC5/X64/CryptoPkg/Library/BaseCryptLib/RuntimeCryptLib/OUTPUT/Pk/CryptTsNull.obj
/workspace/edk2/Build/CryptoPkg/DEBUG_GCC5/X64/CryptoPkg/Library/BaseCryptLib/RuntimeCryptLib/OUTPUT/Pem/CryptPem.obj
/workspace/edk2/Build/CryptoPkg/DEBUG_GCC5/X64/CryptoPkg/Library/BaseCryptLib/RuntimeCryptLib/OUTPUT/SysCall/CrtWrapper.obj
/workspace/edk2/Build/CryptoPkg/DEBUG_GCC5/X64/CryptoPkg/Library/BaseCryptLib/RuntimeCryptLib/OUTPUT/SysCall/TimerWrapper.obj
/workspace/edk2/Build/CryptoPkg/DEBUG_GCC5/X64/CryptoPkg/Library/BaseCryptLib/RuntimeCryptLib/OUTPUT/SysCall/RuntimeMemAllocation.obj
/workspace/edk2/Build/CryptoPkg/DEBUG_GCC5/X64/CryptoPkg/Library/BaseCryptLib/RuntimeCryptLib/OUTPUT/Rand/CryptRandTsc.obj