/workspace/edk2/Build/ArmVirtQemu-ARM/DEBUG_GCC5/ARM/CryptoPkg/Library/OpensslLib/OpensslLibCrypto/OUTPUT/openssl/crypto/aes/aes_cbc.obj
/workspace/edk2/Build/ArmVirtQemu-ARM/DEBUG_GCC5/ARM/CryptoPkg/Library/OpensslLib/OpensslLibCrypto/OUTPUT/openssl/crypto/aes/aes_cfb.obj
/workspace/edk2/Build/ArmVirtQemu-ARM/DEBUG_GCC5/ARM/CryptoPkg/Library/OpensslLib/OpensslLibCrypto/OUTPUT/openssl/crypto/aes/aes_core.obj
/workspace/edk2/Build/ArmVirtQemu-ARM/DEBUG_GCC5/ARM/CryptoPkg/Library/OpensslLib/OpensslLibCrypto/OUTPUT/openssl/crypto/aes/aes_ige.obj
/workspace/edk2/Build/ArmVirtQemu-ARM/DEBUG_GCC5/ARM/CryptoPkg/Library/OpensslLib/OpensslLibCrypto/OUTPUT/openssl/crypto/aes/aes_misc.obj
/workspace/edk2/Build/ArmVirtQemu-ARM/DEBUG_GCC5/ARM/CryptoPkg/Library/OpensslLib/OpensslLibCrypto/OUTPUT/openssl/crypto/aes/aes_ofb.obj
/workspace/edk2/Build/ArmVirtQemu-ARM/DEBUG_GCC5/ARM/CryptoPkg/Library/OpensslLib/OpensslLibCrypto/OUTPUT/openssl/crypto/aes/aes_wrap.obj
/workspace/edk2/Build/ArmVirtQemu-ARM/DEBUG_GCC5/ARM/CryptoPkg/Library/OpensslLib/OpensslLibCrypto/OUTPUT/openssl/crypto/aria/aria.obj
/workspace/edk2/Build/ArmVirtQemu-ARM/DEBUG_GCC5/ARM/CryptoPkg/Library/OpensslLib/OpensslLibCrypto/OUTPUT/openssl/crypto/asn1/a_bitstr.obj
/workspace/edk2/Build/ArmVirtQemu-ARM/DEBUG_GCC5/ARM/CryptoPkg/Library/OpensslLib/OpensslLibCrypto/OUTPUT/openssl/crypto/asn1/a_d2i_fp.obj
/workspace/edk2/Build/ArmVirtQemu-ARM/DEBUG_GCC5/ARM/CryptoPkg/Library/OpensslLib/OpensslLibCrypto/OUTPUT/openssl/crypto/asn1/a_digest.obj
/workspace/edk2/Build/ArmVirtQemu-ARM/DEBUG_GCC5/ARM/CryptoPkg/Library/OpensslLib/OpensslLibCrypto/OUTPUT/openssl/crypto/asn1/a_dup.obj
/workspace/edk2/Build/ArmVirtQemu-ARM/DEBUG_GCC5/ARM/CryptoPkg/Library/OpensslLib/OpensslLibCrypto/OUTPUT/openssl/crypto/asn1/a_gentm.obj
/workspace/edk2/Build/ArmVirtQemu-ARM/DEBUG_GCC5/ARM/CryptoPkg/Library/OpensslLib/OpensslLibCrypto/OUTPUT/openssl/crypto/asn1/a_i2d_fp.obj
/workspace/edk2/Build/ArmVirtQemu-ARM/DEBUG_GCC5/ARM/CryptoPkg/Library/OpensslLib/OpensslLibCrypto/OUTPUT/openssl/crypto/asn1/a_int.obj
/workspace/edk2/Build/ArmVirtQemu-ARM/DEBUG_GCC5/ARM/CryptoPkg/Library/OpensslLib/OpensslLibCrypto/OUTPUT/openssl/crypto/asn1/a_mbstr.obj
/workspace/edk2/Build/ArmVirtQemu-ARM/DEBUG_GCC5/ARM/CryptoPkg/Library/OpensslLib/OpensslLibCrypto/OUTPUT/openssl/crypto/asn1/a_object.obj
/workspace/edk2/Build/ArmVirtQemu-ARM/DEBUG_GCC5/ARM/CryptoPkg/Library/OpensslLib/OpensslLibCrypto/OUTPUT/openssl/crypto/asn1/a_octet.obj
/workspace/edk2/Build/ArmVirtQemu-ARM/DEBUG_GCC5/ARM/CryptoPkg/Library/OpensslLib/OpensslLibCrypto/OUTPUT/openssl/crypto/asn1/a_print.obj
/workspace/edk2/Build/ArmVirtQemu-ARM/DEBUG_GCC5/ARM/CryptoPkg/Library/OpensslLib/OpensslLibCrypto/OUTPUT/openssl/crypto/asn1/a_sign.obj
/workspace/edk2/Build/ArmVirtQemu-ARM/DEBUG_GCC5/ARM/CryptoPkg/Library/OpensslLib/OpensslLibCrypto/OUTPUT/openssl/crypto/asn1/a_strex.obj
/workspace/edk2/Build/ArmVirtQemu-ARM/DEBUG_GCC5/ARM/CryptoPkg/Library/OpensslLib/OpensslLibCrypto/OUTPUT/openssl/crypto/asn1/a_strnid.obj
/workspace/edk2/Build/ArmVirtQemu-ARM/DEBUG_GCC5/ARM/CryptoPkg/Library/OpensslLib/OpensslLibCrypto/OUTPUT/openssl/crypto/asn1/a_time.obj
/workspace/edk2/Build/ArmVirtQemu-ARM/DEBUG_GCC5/ARM/CryptoPkg/Library/OpensslLib/OpensslLibCrypto/OUTPUT/openssl/crypto/asn1/a_type.obj
/workspace/edk2/Build/ArmVirtQemu-ARM/DEBUG_GCC5/ARM/CryptoPkg/Library/OpensslLib/OpensslLibCrypto/OUTPUT/openssl/crypto/asn1/a_utctm.obj
/workspace/edk2/Build/ArmVirtQemu-ARM/DEBUG_GCC5/ARM/CryptoPkg/Library/OpensslLib/OpensslLibCrypto/OUTPUT/openssl/crypto/asn1/a_utf8.obj
/workspace/edk2/Build/ArmVirtQemu-ARM/DEBUG_GCC5/ARM/CryptoPkg/Library/OpensslLib/OpensslLibCrypto/OUTPUT/openssl/crypto/asn1/a_verify.obj
/workspace/edk2/Build/ArmVirtQemu-ARM/DEBUG_GCC5/ARM/CryptoPkg/Library/OpensslLib/OpensslLibCrypto/OUTPUT/openssl/crypto/asn1/ameth_lib.obj
/workspace/edk2/Build/ArmVirtQemu-ARM/DEBUG_GCC5/ARM/CryptoPkg/Library/OpensslLib/OpensslLibCrypto/OUTPUT/openssl/crypto/asn1/asn1_err.obj
/workspace/edk2/Build/ArmVirtQemu-ARM/DEBUG_GCC5/ARM/CryptoPkg/Library/OpensslLib/OpensslLibCrypto/OUTPUT/openssl/crypto/asn1/asn1_gen.obj
/workspace/edk2/Build/ArmVirtQemu-ARM/DEBUG_GCC5/ARM/CryptoPkg/Library/OpensslLib/OpensslLibCrypto/OUTPUT/openssl/crypto/asn1/asn1_item_list.obj
/workspace/edk2/Build/ArmVirtQemu-ARM/DEBUG_GCC5/ARM/CryptoPkg/Library/OpensslLib/OpensslLibCrypto/OUTPUT/openssl/crypto/asn1/asn1_lib.obj
/workspace/edk2/Build/ArmVirtQemu-ARM/DEBUG_GCC5/ARM/CryptoPkg/Library/OpensslLib/OpensslLibCrypto/OUTPUT/openssl/crypto/asn1/asn1_par.obj
/workspace/edk2/Build/ArmVirtQemu-ARM/DEBUG_GCC5/ARM/CryptoPkg/Library/OpensslLib/OpensslLibCrypto/OUTPUT/openssl/crypto/asn1/asn_mime.obj
/workspace/edk2/Build/ArmVirtQemu-ARM/DEBUG_GCC5/ARM/CryptoPkg/Library/OpensslLib/OpensslLibCrypto/OUTPUT/openssl/crypto/asn1/asn_moid.obj
/workspace/edk2/Build/ArmVirtQemu-ARM/DEBUG_GCC5/ARM/CryptoPkg/Library/OpensslLib/OpensslLibCrypto/OUTPUT/openssl/crypto/asn1/asn_mstbl.obj
/workspace/edk2/Build/ArmVirtQemu-ARM/DEBUG_GCC5/ARM/CryptoPkg/Library/OpensslLib/OpensslLibCrypto/OUTPUT/openssl/crypto/asn1/asn_pack.obj
/workspace/edk2/Build/ArmVirtQemu-ARM/DEBUG_GCC5/ARM/CryptoPkg/Library/OpensslLib/OpensslLibCrypto/OUTPUT/openssl/crypto/asn1/bio_asn1.obj
/workspace/edk2/Build/ArmVirtQemu-ARM/DEBUG_GCC5/ARM/CryptoPkg/Library/OpensslLib/OpensslLibCrypto/OUTPUT/openssl/crypto/asn1/bio_ndef.obj
/workspace/edk2/Build/ArmVirtQemu-ARM/DEBUG_GCC5/ARM/CryptoPkg/Library/OpensslLib/OpensslLibCrypto/OUTPUT/openssl/crypto/asn1/d2i_pr.obj
/workspace/edk2/Build/ArmVirtQemu-ARM/DEBUG_GCC5/ARM/CryptoPkg/Library/OpensslLib/OpensslLibCrypto/OUTPUT/openssl/crypto/asn1/d2i_pu.obj
/workspace/edk2/Build/ArmVirtQemu-ARM/DEBUG_GCC5/ARM/CryptoPkg/Library/OpensslLib/OpensslLibCrypto/OUTPUT/openssl/crypto/asn1/evp_asn1.obj
/workspace/edk2/Build/ArmVirtQemu-ARM/DEBUG_GCC5/ARM/CryptoPkg/Library/OpensslLib/OpensslLibCrypto/OUTPUT/openssl/crypto/asn1/f_int.obj
/workspace/edk2/Build/ArmVirtQemu-ARM/DEBUG_GCC5/ARM/CryptoPkg/Library/OpensslLib/OpensslLibCrypto/OUTPUT/openssl/crypto/asn1/f_string.obj
/workspace/edk2/Build/ArmVirtQemu-ARM/DEBUG_GCC5/ARM/CryptoPkg/Library/OpensslLib/OpensslLibCrypto/OUTPUT/openssl/crypto/asn1/i2d_pr.obj
/workspace/edk2/Build/ArmVirtQemu-ARM/DEBUG_GCC5/ARM/CryptoPkg/Library/OpensslLib/OpensslLibCrypto/OUTPUT/openssl/crypto/asn1/i2d_pu.obj
/workspace/edk2/Build/ArmVirtQemu-ARM/DEBUG_GCC5/ARM/CryptoPkg/Library/OpensslLib/OpensslLibCrypto/OUTPUT/openssl/crypto/asn1/n_pkey.obj
/workspace/edk2/Build/ArmVirtQemu-ARM/DEBUG_GCC5/ARM/CryptoPkg/Library/OpensslLib/OpensslLibCrypto/OUTPUT/openssl/crypto/asn1/nsseq.obj
/workspace/edk2/Build/ArmVirtQemu-ARM/DEBUG_GCC5/ARM/CryptoPkg/Library/OpensslLib/OpensslLibCrypto/OUTPUT/openssl/crypto/asn1/p5_pbe.obj
/workspace/edk2/Build/ArmVirtQemu-ARM/DEBUG_GCC5/ARM/CryptoPkg/Library/OpensslLib/OpensslLibCrypto/OUTPUT/openssl/crypto/asn1/p5_pbev2.obj
/workspace/edk2/Build/ArmVirtQemu-ARM/DEBUG_GCC5/ARM/CryptoPkg/Library/OpensslLib/OpensslLibCrypto/OUTPUT/openssl/crypto/asn1/p5_scrypt.obj
/workspace/edk2/Build/ArmVirtQemu-ARM/DEBUG_GCC5/ARM/CryptoPkg/Library/OpensslLib/OpensslLibCrypto/OUTPUT/openssl/crypto/asn1/p8_pkey.obj
/workspace/edk2/Build/ArmVirtQemu-ARM/DEBUG_GCC5/ARM/CryptoPkg/Library/OpensslLib/OpensslLibCrypto/OUTPUT/openssl/crypto/asn1/t_bitst.obj
/workspace/edk2/Build/ArmVirtQemu-ARM/DEBUG_GCC5/ARM/CryptoPkg/Library/OpensslLib/OpensslLibCrypto/OUTPUT/openssl/crypto/asn1/t_pkey.obj
/workspace/edk2/Build/ArmVirtQemu-ARM/DEBUG_GCC5/ARM/CryptoPkg/Library/OpensslLib/OpensslLibCrypto/OUTPUT/openssl/crypto/asn1/t_spki.obj
/workspace/edk2/Build/ArmVirtQemu-ARM/DEBUG_GCC5/ARM/CryptoPkg/Library/OpensslLib/OpensslLibCrypto/OUTPUT/openssl/crypto/asn1/tasn_dec.obj
/workspace/edk2/Build/ArmVirtQemu-ARM/DEBUG_GCC5/ARM/CryptoPkg/Library/OpensslLib/OpensslLibCrypto/OUTPUT/openssl/crypto/asn1/tasn_enc.obj
/workspace/edk2/Build/ArmVirtQemu-ARM/DEBUG_GCC5/ARM/CryptoPkg/Library/OpensslLib/OpensslLibCrypto/OUTPUT/openssl/crypto/asn1/tasn_fre.obj
/workspace/edk2/Build/ArmVirtQemu-ARM/DEBUG_GCC5/ARM/CryptoPkg/Library/OpensslLib/OpensslLibCrypto/OUTPUT/openssl/crypto/asn1/tasn_new.obj
/workspace/edk2/Build/ArmVirtQemu-ARM/DEBUG_GCC5/ARM/CryptoPkg/Library/OpensslLib/OpensslLibCrypto/OUTPUT/openssl/crypto/asn1/tasn_prn.obj
/workspace/edk2/Build/ArmVirtQemu-ARM/DEBUG_GCC5/ARM/CryptoPkg/Library/OpensslLib/OpensslLibCrypto/OUTPUT/openssl/crypto/asn1/tasn_scn.obj
/workspace/edk2/Build/ArmVirtQemu-ARM/DEBUG_GCC5/ARM/CryptoPkg/Library/OpensslLib/OpensslLibCrypto/OUTPUT/openssl/crypto/asn1/tasn_typ.obj
/workspace/edk2/Build/ArmVirtQemu-ARM/DEBUG_GCC5/ARM/CryptoPkg/Library/OpensslLib/OpensslLibCrypto/OUTPUT/openssl/crypto/asn1/tasn_utl.obj
/workspace/edk2/Build/ArmVirtQemu-ARM/DEBUG_GCC5/ARM/CryptoPkg/Library/OpensslLib/OpensslLibCrypto/OUTPUT/openssl/crypto/asn1/x_algor.obj
/workspace/edk2/Build/ArmVirtQemu-ARM/DEBUG_GCC5/ARM/CryptoPkg/Library/OpensslLib/OpensslLibCrypto/OUTPUT/openssl/crypto/asn1/x_bignum.obj
/workspace/edk2/Build/ArmVirtQemu-ARM/DEBUG_GCC5/ARM/CryptoPkg/Library/OpensslLib/OpensslLibCrypto/OUTPUT/openssl/crypto/asn1/x_info.obj
/workspace/edk2/Build/ArmVirtQemu-ARM/DEBUG_GCC5/ARM/CryptoPkg/Library/OpensslLib/OpensslLibCrypto/OUTPUT/openssl/crypto/asn1/x_int64.obj
/workspace/edk2/Build/ArmVirtQemu-ARM/DEBUG_GCC5/ARM/CryptoPkg/Library/OpensslLib/OpensslLibCrypto/OUTPUT/openssl/crypto/asn1/x_long.obj
/workspace/edk2/Build/ArmVirtQemu-ARM/DEBUG_GCC5/ARM/CryptoPkg/Library/OpensslLib/OpensslLibCrypto/OUTPUT/openssl/crypto/asn1/x_pkey.obj
/workspace/edk2/Build/ArmVirtQemu-ARM/DEBUG_GCC5/ARM/CryptoPkg/Library/OpensslLib/OpensslLibCrypto/OUTPUT/openssl/crypto/asn1/x_sig.obj
/workspace/edk2/Build/ArmVirtQemu-ARM/DEBUG_GCC5/ARM/CryptoPkg/Library/OpensslLib/OpensslLibCrypto/OUTPUT/openssl/crypto/asn1/x_spki.obj
/workspace/edk2/Build/ArmVirtQemu-ARM/DEBUG_GCC5/ARM/CryptoPkg/Library/OpensslLib/OpensslLibCrypto/OUTPUT/openssl/crypto/asn1/x_val.obj
/workspace/edk2/Build/ArmVirtQemu-ARM/DEBUG_GCC5/ARM/CryptoPkg/Library/OpensslLib/OpensslLibCrypto/OUTPUT/openssl/crypto/async/arch/async_null.obj
/workspace/edk2/Build/ArmVirtQemu-ARM/DEBUG_GCC5/ARM/CryptoPkg/Library/OpensslLib/OpensslLibCrypto/OUTPUT/openssl/crypto/async/arch/async_posix.obj
/workspace/edk2/Build/ArmVirtQemu-ARM/DEBUG_GCC5/ARM/CryptoPkg/Library/OpensslLib/OpensslLibCrypto/OUTPUT/openssl/crypto/async/arch/async_win.obj
/workspace/edk2/Build/ArmVirtQemu-ARM/DEBUG_GCC5/ARM/CryptoPkg/Library/OpensslLib/OpensslLibCrypto/OUTPUT/openssl/crypto/async/async.obj
/workspace/edk2/Build/ArmVirtQemu-ARM/DEBUG_GCC5/ARM/CryptoPkg/Library/OpensslLib/OpensslLibCrypto/OUTPUT/openssl/crypto/async/async_err.obj
/workspace/edk2/Build/ArmVirtQemu-ARM/DEBUG_GCC5/ARM/CryptoPkg/Library/OpensslLib/OpensslLibCrypto/OUTPUT/openssl/crypto/async/async_wait.obj
/workspace/edk2/Build/ArmVirtQemu-ARM/DEBUG_GCC5/ARM/CryptoPkg/Library/OpensslLib/OpensslLibCrypto/OUTPUT/openssl/crypto/bio/b_addr.obj
/workspace/edk2/Build/ArmVirtQemu-ARM/DEBUG_GCC5/ARM/CryptoPkg/Library/OpensslLib/OpensslLibCrypto/OUTPUT/openssl/crypto/bio/b_dump.obj
/workspace/edk2/Build/ArmVirtQemu-ARM/DEBUG_GCC5/ARM/CryptoPkg/Library/OpensslLib/OpensslLibCrypto/OUTPUT/openssl/crypto/bio/b_sock.obj
/workspace/edk2/Build/ArmVirtQemu-ARM/DEBUG_GCC5/ARM/CryptoPkg/Library/OpensslLib/OpensslLibCrypto/OUTPUT/openssl/crypto/bio/b_sock2.obj
/workspace/edk2/Build/ArmVirtQemu-ARM/DEBUG_GCC5/ARM/CryptoPkg/Library/OpensslLib/OpensslLibCrypto/OUTPUT/openssl/crypto/bio/bf_buff.obj
/workspace/edk2/Build/ArmVirtQemu-ARM/DEBUG_GCC5/ARM/CryptoPkg/Library/OpensslLib/OpensslLibCrypto/OUTPUT/openssl/crypto/bio/bf_lbuf.obj
/workspace/edk2/Build/ArmVirtQemu-ARM/DEBUG_GCC5/ARM/CryptoPkg/Library/OpensslLib/OpensslLibCrypto/OUTPUT/openssl/crypto/bio/bf_nbio.obj
/workspace/edk2/Build/ArmVirtQemu-ARM/DEBUG_GCC5/ARM/CryptoPkg/Library/OpensslLib/OpensslLibCrypto/OUTPUT/openssl/crypto/bio/bf_null.obj
/workspace/edk2/Build/ArmVirtQemu-ARM/DEBUG_GCC5/ARM/CryptoPkg/Library/OpensslLib/OpensslLibCrypto/OUTPUT/openssl/crypto/bio/bio_cb.obj
/workspace/edk2/Build/ArmVirtQemu-ARM/DEBUG_GCC5/ARM/CryptoPkg/Library/OpensslLib/OpensslLibCrypto/OUTPUT/openssl/crypto/bio/bio_err.obj
/workspace/edk2/Build/ArmVirtQemu-ARM/DEBUG_GCC5/ARM/CryptoPkg/Library/OpensslLib/OpensslLibCrypto/OUTPUT/openssl/crypto/bio/bio_lib.obj
/workspace/edk2/Build/ArmVirtQemu-ARM/DEBUG_GCC5/ARM/CryptoPkg/Library/OpensslLib/OpensslLibCrypto/OUTPUT/openssl/crypto/bio/bio_meth.obj
/workspace/edk2/Build/ArmVirtQemu-ARM/DEBUG_GCC5/ARM/CryptoPkg/Library/OpensslLib/OpensslLibCrypto/OUTPUT/openssl/crypto/bio/bss_acpt.obj
/workspace/edk2/Build/ArmVirtQemu-ARM/DEBUG_GCC5/ARM/CryptoPkg/Library/OpensslLib/OpensslLibCrypto/OUTPUT/openssl/crypto/bio/bss_bio.obj
/workspace/edk2/Build/ArmVirtQemu-ARM/DEBUG_GCC5/ARM/CryptoPkg/Library/OpensslLib/OpensslLibCrypto/OUTPUT/openssl/crypto/bio/bss_conn.obj
/workspace/edk2/Build/ArmVirtQemu-ARM/DEBUG_GCC5/ARM/CryptoPkg/Library/OpensslLib/OpensslLibCrypto/OUTPUT/openssl/crypto/bio/bss_dgram.obj
/workspace/edk2/Build/ArmVirtQemu-ARM/DEBUG_GCC5/ARM/CryptoPkg/Library/OpensslLib/OpensslLibCrypto/OUTPUT/openssl/crypto/bio/bss_fd.obj
/workspace/edk2/Build/ArmVirtQemu-ARM/DEBUG_GCC5/ARM/CryptoPkg/Library/OpensslLib/OpensslLibCrypto/OUTPUT/openssl/crypto/bio/bss_file.obj
/workspace/edk2/Build/ArmVirtQemu-ARM/DEBUG_GCC5/ARM/CryptoPkg/Library/OpensslLib/OpensslLibCrypto/OUTPUT/openssl/crypto/bio/bss_log.obj
/workspace/edk2/Build/ArmVirtQemu-ARM/DEBUG_GCC5/ARM/CryptoPkg/Library/OpensslLib/OpensslLibCrypto/OUTPUT/openssl/crypto/bio/bss_mem.obj
/workspace/edk2/Build/ArmVirtQemu-ARM/DEBUG_GCC5/ARM/CryptoPkg/Library/OpensslLib/OpensslLibCrypto/OUTPUT/openssl/crypto/bio/bss_null.obj
/workspace/edk2/Build/ArmVirtQemu-ARM/DEBUG_GCC5/ARM/CryptoPkg/Library/OpensslLib/OpensslLibCrypto/OUTPUT/openssl/crypto/bio/bss_sock.obj
/workspace/edk2/Build/ArmVirtQemu-ARM/DEBUG_GCC5/ARM/CryptoPkg/Library/OpensslLib/OpensslLibCrypto/OUTPUT/openssl/crypto/bn/bn_add.obj
/workspace/edk2/Build/ArmVirtQemu-ARM/DEBUG_GCC5/ARM/CryptoPkg/Library/OpensslLib/OpensslLibCrypto/OUTPUT/openssl/crypto/bn/bn_asm.obj
/workspace/edk2/Build/ArmVirtQemu-ARM/DEBUG_GCC5/ARM/CryptoPkg/Library/OpensslLib/OpensslLibCrypto/OUTPUT/openssl/crypto/bn/bn_blind.obj
/workspace/edk2/Build/ArmVirtQemu-ARM/DEBUG_GCC5/ARM/CryptoPkg/Library/OpensslLib/OpensslLibCrypto/OUTPUT/openssl/crypto/bn/bn_const.obj
/workspace/edk2/Build/ArmVirtQemu-ARM/DEBUG_GCC5/ARM/CryptoPkg/Library/OpensslLib/OpensslLibCrypto/OUTPUT/openssl/crypto/bn/bn_ctx.obj
/workspace/edk2/Build/ArmVirtQemu-ARM/DEBUG_GCC5/ARM/CryptoPkg/Library/OpensslLib/OpensslLibCrypto/OUTPUT/openssl/crypto/bn/bn_depr.obj
/workspace/edk2/Build/ArmVirtQemu-ARM/DEBUG_GCC5/ARM/CryptoPkg/Library/OpensslLib/OpensslLibCrypto/OUTPUT/openssl/crypto/bn/bn_dh.obj
/workspace/edk2/Build/ArmVirtQemu-ARM/DEBUG_GCC5/ARM/CryptoPkg/Library/OpensslLib/OpensslLibCrypto/OUTPUT/openssl/crypto/bn/bn_div.obj
/workspace/edk2/Build/ArmVirtQemu-ARM/DEBUG_GCC5/ARM/CryptoPkg/Library/OpensslLib/OpensslLibCrypto/OUTPUT/openssl/crypto/bn/bn_err.obj
/workspace/edk2/Build/ArmVirtQemu-ARM/DEBUG_GCC5/ARM/CryptoPkg/Library/OpensslLib/OpensslLibCrypto/OUTPUT/openssl/crypto/bn/bn_exp.obj
/workspace/edk2/Build/ArmVirtQemu-ARM/DEBUG_GCC5/ARM/CryptoPkg/Library/OpensslLib/OpensslLibCrypto/OUTPUT/openssl/crypto/bn/bn_exp2.obj
/workspace/edk2/Build/ArmVirtQemu-ARM/DEBUG_GCC5/ARM/CryptoPkg/Library/OpensslLib/OpensslLibCrypto/OUTPUT/openssl/crypto/bn/bn_gcd.obj
/workspace/edk2/Build/ArmVirtQemu-ARM/DEBUG_GCC5/ARM/CryptoPkg/Library/OpensslLib/OpensslLibCrypto/OUTPUT/openssl/crypto/bn/bn_gf2m.obj
/workspace/edk2/Build/ArmVirtQemu-ARM/DEBUG_GCC5/ARM/CryptoPkg/Library/OpensslLib/OpensslLibCrypto/OUTPUT/openssl/crypto/bn/bn_intern.obj
/workspace/edk2/Build/ArmVirtQemu-ARM/DEBUG_GCC5/ARM/CryptoPkg/Library/OpensslLib/OpensslLibCrypto/OUTPUT/openssl/crypto/bn/bn_kron.obj
/workspace/edk2/Build/ArmVirtQemu-ARM/DEBUG_GCC5/ARM/CryptoPkg/Library/OpensslLib/OpensslLibCrypto/OUTPUT/openssl/crypto/bn/bn_lib.obj
/workspace/edk2/Build/ArmVirtQemu-ARM/DEBUG_GCC5/ARM/CryptoPkg/Library/OpensslLib/OpensslLibCrypto/OUTPUT/openssl/crypto/bn/bn_mod.obj
/workspace/edk2/Build/ArmVirtQemu-ARM/DEBUG_GCC5/ARM/CryptoPkg/Library/OpensslLib/OpensslLibCrypto/OUTPUT/openssl/crypto/bn/bn_mont.obj
/workspace/edk2/Build/ArmVirtQemu-ARM/DEBUG_GCC5/ARM/CryptoPkg/Library/OpensslLib/OpensslLibCrypto/OUTPUT/openssl/crypto/bn/bn_mpi.obj
/workspace/edk2/Build/ArmVirtQemu-ARM/DEBUG_GCC5/ARM/CryptoPkg/Library/OpensslLib/OpensslLibCrypto/OUTPUT/openssl/crypto/bn/bn_mul.obj
/workspace/edk2/Build/ArmVirtQemu-ARM/DEBUG_GCC5/ARM/CryptoPkg/Library/OpensslLib/OpensslLibCrypto/OUTPUT/openssl/crypto/bn/bn_nist.obj
/workspace/edk2/Build/ArmVirtQemu-ARM/DEBUG_GCC5/ARM/CryptoPkg/Library/OpensslLib/OpensslLibCrypto/OUTPUT/openssl/crypto/bn/bn_prime.obj
/workspace/edk2/Build/ArmVirtQemu-ARM/DEBUG_GCC5/ARM/CryptoPkg/Library/OpensslLib/OpensslLibCrypto/OUTPUT/openssl/crypto/bn/bn_print.obj
/workspace/edk2/Build/ArmVirtQemu-ARM/DEBUG_GCC5/ARM/CryptoPkg/Library/OpensslLib/OpensslLibCrypto/OUTPUT/openssl/crypto/bn/bn_rand.obj
/workspace/edk2/Build/ArmVirtQemu-ARM/DEBUG_GCC5/ARM/CryptoPkg/Library/OpensslLib/OpensslLibCrypto/OUTPUT/openssl/crypto/bn/bn_recp.obj
/workspace/edk2/Build/ArmVirtQemu-ARM/DEBUG_GCC5/ARM/CryptoPkg/Library/OpensslLib/OpensslLibCrypto/OUTPUT/openssl/crypto/bn/bn_shift.obj
/workspace/edk2/Build/ArmVirtQemu-ARM/DEBUG_GCC5/ARM/CryptoPkg/Library/OpensslLib/OpensslLibCrypto/OUTPUT/openssl/crypto/bn/bn_sqr.obj
/workspace/edk2/Build/ArmVirtQemu-ARM/DEBUG_GCC5/ARM/CryptoPkg/Library/OpensslLib/OpensslLibCrypto/OUTPUT/openssl/crypto/bn/bn_sqrt.obj
/workspace/edk2/Build/ArmVirtQemu-ARM/DEBUG_GCC5/ARM/CryptoPkg/Library/OpensslLib/OpensslLibCrypto/OUTPUT/openssl/crypto/bn/bn_srp.obj
/workspace/edk2/Build/ArmVirtQemu-ARM/DEBUG_GCC5/ARM/CryptoPkg/Library/OpensslLib/OpensslLibCrypto/OUTPUT/openssl/crypto/bn/bn_word.obj
/workspace/edk2/Build/ArmVirtQemu-ARM/DEBUG_GCC5/ARM/CryptoPkg/Library/OpensslLib/OpensslLibCrypto/OUTPUT/openssl/crypto/bn/bn_x931p.obj
/workspace/edk2/Build/ArmVirtQemu-ARM/DEBUG_GCC5/ARM/CryptoPkg/Library/OpensslLib/OpensslLibCrypto/OUTPUT/openssl/crypto/buffer/buf_err.obj
/workspace/edk2/Build/ArmVirtQemu-ARM/DEBUG_GCC5/ARM/CryptoPkg/Library/OpensslLib/OpensslLibCrypto/OUTPUT/openssl/crypto/buffer/buffer.obj
/workspace/edk2/Build/ArmVirtQemu-ARM/DEBUG_GCC5/ARM/CryptoPkg/Library/OpensslLib/OpensslLibCrypto/OUTPUT/openssl/crypto/cmac/cm_ameth.obj
/workspace/edk2/Build/ArmVirtQemu-ARM/DEBUG_GCC5/ARM/CryptoPkg/Library/OpensslLib/OpensslLibCrypto/OUTPUT/openssl/crypto/cmac/cm_pmeth.obj
/workspace/edk2/Build/ArmVirtQemu-ARM/DEBUG_GCC5/ARM/CryptoPkg/Library/OpensslLib/OpensslLibCrypto/OUTPUT/openssl/crypto/cmac/cmac.obj
/workspace/edk2/Build/ArmVirtQemu-ARM/DEBUG_GCC5/ARM/CryptoPkg/Library/OpensslLib/OpensslLibCrypto/OUTPUT/openssl/crypto/comp/c_zlib.obj
/workspace/edk2/Build/ArmVirtQemu-ARM/DEBUG_GCC5/ARM/CryptoPkg/Library/OpensslLib/OpensslLibCrypto/OUTPUT/openssl/crypto/comp/comp_err.obj
/workspace/edk2/Build/ArmVirtQemu-ARM/DEBUG_GCC5/ARM/CryptoPkg/Library/OpensslLib/OpensslLibCrypto/OUTPUT/openssl/crypto/comp/comp_lib.obj
/workspace/edk2/Build/ArmVirtQemu-ARM/DEBUG_GCC5/ARM/CryptoPkg/Library/OpensslLib/OpensslLibCrypto/OUTPUT/openssl/crypto/conf/conf_api.obj
/workspace/edk2/Build/ArmVirtQemu-ARM/DEBUG_GCC5/ARM/CryptoPkg/Library/OpensslLib/OpensslLibCrypto/OUTPUT/openssl/crypto/conf/conf_def.obj
/workspace/edk2/Build/ArmVirtQemu-ARM/DEBUG_GCC5/ARM/CryptoPkg/Library/OpensslLib/OpensslLibCrypto/OUTPUT/openssl/crypto/conf/conf_err.obj
/workspace/edk2/Build/ArmVirtQemu-ARM/DEBUG_GCC5/ARM/CryptoPkg/Library/OpensslLib/OpensslLibCrypto/OUTPUT/openssl/crypto/conf/conf_lib.obj
/workspace/edk2/Build/ArmVirtQemu-ARM/DEBUG_GCC5/ARM/CryptoPkg/Library/OpensslLib/OpensslLibCrypto/OUTPUT/openssl/crypto/conf/conf_mall.obj
/workspace/edk2/Build/ArmVirtQemu-ARM/DEBUG_GCC5/ARM/CryptoPkg/Library/OpensslLib/OpensslLibCrypto/OUTPUT/openssl/crypto/conf/conf_mod.obj
/workspace/edk2/Build/ArmVirtQemu-ARM/DEBUG_GCC5/ARM/CryptoPkg/Library/OpensslLib/OpensslLibCrypto/OUTPUT/openssl/crypto/conf/conf_sap.obj
/workspace/edk2/Build/ArmVirtQemu-ARM/DEBUG_GCC5/ARM/CryptoPkg/Library/OpensslLib/OpensslLibCrypto/OUTPUT/openssl/crypto/conf/conf_ssl.obj
/workspace/edk2/Build/ArmVirtQemu-ARM/DEBUG_GCC5/ARM/CryptoPkg/Library/OpensslLib/OpensslLibCrypto/OUTPUT/openssl/crypto/cpt_err.obj
/workspace/edk2/Build/ArmVirtQemu-ARM/DEBUG_GCC5/ARM/CryptoPkg/Library/OpensslLib/OpensslLibCrypto/OUTPUT/openssl/crypto/cryptlib.obj
/workspace/edk2/Build/ArmVirtQemu-ARM/DEBUG_GCC5/ARM/CryptoPkg/Library/OpensslLib/OpensslLibCrypto/OUTPUT/openssl/crypto/ctype.obj
/workspace/edk2/Build/ArmVirtQemu-ARM/DEBUG_GCC5/ARM/CryptoPkg/Library/OpensslLib/OpensslLibCrypto/OUTPUT/openssl/crypto/cversion.obj
/workspace/edk2/Build/ArmVirtQemu-ARM/DEBUG_GCC5/ARM/CryptoPkg/Library/OpensslLib/OpensslLibCrypto/OUTPUT/openssl/crypto/dh/dh_ameth.obj
/workspace/edk2/Build/ArmVirtQemu-ARM/DEBUG_GCC5/ARM/CryptoPkg/Library/OpensslLib/OpensslLibCrypto/OUTPUT/openssl/crypto/dh/dh_asn1.obj
/workspace/edk2/Build/ArmVirtQemu-ARM/DEBUG_GCC5/ARM/CryptoPkg/Library/OpensslLib/OpensslLibCrypto/OUTPUT/openssl/crypto/dh/dh_check.obj
/workspace/edk2/Build/ArmVirtQemu-ARM/DEBUG_GCC5/ARM/CryptoPkg/Library/OpensslLib/OpensslLibCrypto/OUTPUT/openssl/crypto/dh/dh_depr.obj
/workspace/edk2/Build/ArmVirtQemu-ARM/DEBUG_GCC5/ARM/CryptoPkg/Library/OpensslLib/OpensslLibCrypto/OUTPUT/openssl/crypto/dh/dh_err.obj
/workspace/edk2/Build/ArmVirtQemu-ARM/DEBUG_GCC5/ARM/CryptoPkg/Library/OpensslLib/OpensslLibCrypto/OUTPUT/openssl/crypto/dh/dh_gen.obj
/workspace/edk2/Build/ArmVirtQemu-ARM/DEBUG_GCC5/ARM/CryptoPkg/Library/OpensslLib/OpensslLibCrypto/OUTPUT/openssl/crypto/dh/dh_kdf.obj
/workspace/edk2/Build/ArmVirtQemu-ARM/DEBUG_GCC5/ARM/CryptoPkg/Library/OpensslLib/OpensslLibCrypto/OUTPUT/openssl/crypto/dh/dh_key.obj
/workspace/edk2/Build/ArmVirtQemu-ARM/DEBUG_GCC5/ARM/CryptoPkg/Library/OpensslLib/OpensslLibCrypto/OUTPUT/openssl/crypto/dh/dh_lib.obj
/workspace/edk2/Build/ArmVirtQemu-ARM/DEBUG_GCC5/ARM/CryptoPkg/Library/OpensslLib/OpensslLibCrypto/OUTPUT/openssl/crypto/dh/dh_meth.obj
/workspace/edk2/Build/ArmVirtQemu-ARM/DEBUG_GCC5/ARM/CryptoPkg/Library/OpensslLib/OpensslLibCrypto/OUTPUT/openssl/crypto/dh/dh_pmeth.obj
/workspace/edk2/Build/ArmVirtQemu-ARM/DEBUG_GCC5/ARM/CryptoPkg/Library/OpensslLib/OpensslLibCrypto/OUTPUT/openssl/crypto/dh/dh_prn.obj
/workspace/edk2/Build/ArmVirtQemu-ARM/DEBUG_GCC5/ARM/CryptoPkg/Library/OpensslLib/OpensslLibCrypto/OUTPUT/openssl/crypto/dh/dh_rfc5114.obj
/workspace/edk2/Build/ArmVirtQemu-ARM/DEBUG_GCC5/ARM/CryptoPkg/Library/OpensslLib/OpensslLibCrypto/OUTPUT/openssl/crypto/dh/dh_rfc7919.obj
/workspace/edk2/Build/ArmVirtQemu-ARM/DEBUG_GCC5/ARM/CryptoPkg/Library/OpensslLib/OpensslLibCrypto/OUTPUT/openssl/crypto/dso/dso_dl.obj
/workspace/edk2/Build/ArmVirtQemu-ARM/DEBUG_GCC5/ARM/CryptoPkg/Library/OpensslLib/OpensslLibCrypto/OUTPUT/openssl/crypto/dso/dso_dlfcn.obj
/workspace/edk2/Build/ArmVirtQemu-ARM/DEBUG_GCC5/ARM/CryptoPkg/Library/OpensslLib/OpensslLibCrypto/OUTPUT/openssl/crypto/dso/dso_err.obj
/workspace/edk2/Build/ArmVirtQemu-ARM/DEBUG_GCC5/ARM/CryptoPkg/Library/OpensslLib/OpensslLibCrypto/OUTPUT/openssl/crypto/dso/dso_lib.obj
/workspace/edk2/Build/ArmVirtQemu-ARM/DEBUG_GCC5/ARM/CryptoPkg/Library/OpensslLib/OpensslLibCrypto/OUTPUT/openssl/crypto/dso/dso_openssl.obj
/workspace/edk2/Build/ArmVirtQemu-ARM/DEBUG_GCC5/ARM/CryptoPkg/Library/OpensslLib/OpensslLibCrypto/OUTPUT/openssl/crypto/dso/dso_vms.obj
/workspace/edk2/Build/ArmVirtQemu-ARM/DEBUG_GCC5/ARM/CryptoPkg/Library/OpensslLib/OpensslLibCrypto/OUTPUT/openssl/crypto/dso/dso_win32.obj
/workspace/edk2/Build/ArmVirtQemu-ARM/DEBUG_GCC5/ARM/CryptoPkg/Library/OpensslLib/OpensslLibCrypto/OUTPUT/openssl/crypto/ebcdic.obj
/workspace/edk2/Build/ArmVirtQemu-ARM/DEBUG_GCC5/ARM/CryptoPkg/Library/OpensslLib/OpensslLibCrypto/OUTPUT/openssl/crypto/err/err.obj
/workspace/edk2/Build/ArmVirtQemu-ARM/DEBUG_GCC5/ARM/CryptoPkg/Library/OpensslLib/OpensslLibCrypto/OUTPUT/openssl/crypto/err/err_prn.obj
/workspace/edk2/Build/ArmVirtQemu-ARM/DEBUG_GCC5/ARM/CryptoPkg/Library/OpensslLib/OpensslLibCrypto/OUTPUT/openssl/crypto/evp/bio_b64.obj
/workspace/edk2/Build/ArmVirtQemu-ARM/DEBUG_GCC5/ARM/CryptoPkg/Library/OpensslLib/OpensslLibCrypto/OUTPUT/openssl/crypto/evp/bio_enc.obj
/workspace/edk2/Build/ArmVirtQemu-ARM/DEBUG_GCC5/ARM/CryptoPkg/Library/OpensslLib/OpensslLibCrypto/OUTPUT/openssl/crypto/evp/bio_md.obj
/workspace/edk2/Build/ArmVirtQemu-ARM/DEBUG_GCC5/ARM/CryptoPkg/Library/OpensslLib/OpensslLibCrypto/OUTPUT/openssl/crypto/evp/bio_ok.obj
/workspace/edk2/Build/ArmVirtQemu-ARM/DEBUG_GCC5/ARM/CryptoPkg/Library/OpensslLib/OpensslLibCrypto/OUTPUT/openssl/crypto/evp/c_allc.obj
/workspace/edk2/Build/ArmVirtQemu-ARM/DEBUG_GCC5/ARM/CryptoPkg/Library/OpensslLib/OpensslLibCrypto/OUTPUT/openssl/crypto/evp/c_alld.obj
/workspace/edk2/Build/ArmVirtQemu-ARM/DEBUG_GCC5/ARM/CryptoPkg/Library/OpensslLib/OpensslLibCrypto/OUTPUT/openssl/crypto/evp/cmeth_lib.obj
/workspace/edk2/Build/ArmVirtQemu-ARM/DEBUG_GCC5/ARM/CryptoPkg/Library/OpensslLib/OpensslLibCrypto/OUTPUT/openssl/crypto/evp/digest.obj
/workspace/edk2/Build/ArmVirtQemu-ARM/DEBUG_GCC5/ARM/CryptoPkg/Library/OpensslLib/OpensslLibCrypto/OUTPUT/openssl/crypto/evp/e_aes.obj
/workspace/edk2/Build/ArmVirtQemu-ARM/DEBUG_GCC5/ARM/CryptoPkg/Library/OpensslLib/OpensslLibCrypto/OUTPUT/openssl/crypto/evp/e_aes_cbc_hmac_sha1.obj
/workspace/edk2/Build/ArmVirtQemu-ARM/DEBUG_GCC5/ARM/CryptoPkg/Library/OpensslLib/OpensslLibCrypto/OUTPUT/openssl/crypto/evp/e_aes_cbc_hmac_sha256.obj
/workspace/edk2/Build/ArmVirtQemu-ARM/DEBUG_GCC5/ARM/CryptoPkg/Library/OpensslLib/OpensslLibCrypto/OUTPUT/openssl/crypto/evp/e_aria.obj
/workspace/edk2/Build/ArmVirtQemu-ARM/DEBUG_GCC5/ARM/CryptoPkg/Library/OpensslLib/OpensslLibCrypto/OUTPUT/openssl/crypto/evp/e_bf.obj
/workspace/edk2/Build/ArmVirtQemu-ARM/DEBUG_GCC5/ARM/CryptoPkg/Library/OpensslLib/OpensslLibCrypto/OUTPUT/openssl/crypto/evp/e_camellia.obj
/workspace/edk2/Build/ArmVirtQemu-ARM/DEBUG_GCC5/ARM/CryptoPkg/Library/OpensslLib/OpensslLibCrypto/OUTPUT/openssl/crypto/evp/e_cast.obj
/workspace/edk2/Build/ArmVirtQemu-ARM/DEBUG_GCC5/ARM/CryptoPkg/Library/OpensslLib/OpensslLibCrypto/OUTPUT/openssl/crypto/evp/e_chacha20_poly1305.obj
/workspace/edk2/Build/ArmVirtQemu-ARM/DEBUG_GCC5/ARM/CryptoPkg/Library/OpensslLib/OpensslLibCrypto/OUTPUT/openssl/crypto/evp/e_des.obj
/workspace/edk2/Build/ArmVirtQemu-ARM/DEBUG_GCC5/ARM/CryptoPkg/Library/OpensslLib/OpensslLibCrypto/OUTPUT/openssl/crypto/evp/e_des3.obj
/workspace/edk2/Build/ArmVirtQemu-ARM/DEBUG_GCC5/ARM/CryptoPkg/Library/OpensslLib/OpensslLibCrypto/OUTPUT/openssl/crypto/evp/e_idea.obj
/workspace/edk2/Build/ArmVirtQemu-ARM/DEBUG_GCC5/ARM/CryptoPkg/Library/OpensslLib/OpensslLibCrypto/OUTPUT/openssl/crypto/evp/e_null.obj
/workspace/edk2/Build/ArmVirtQemu-ARM/DEBUG_GCC5/ARM/CryptoPkg/Library/OpensslLib/OpensslLibCrypto/OUTPUT/openssl/crypto/evp/e_old.obj
/workspace/edk2/Build/ArmVirtQemu-ARM/DEBUG_GCC5/ARM/CryptoPkg/Library/OpensslLib/OpensslLibCrypto/OUTPUT/openssl/crypto/evp/e_rc2.obj
/workspace/edk2/Build/ArmVirtQemu-ARM/DEBUG_GCC5/ARM/CryptoPkg/Library/OpensslLib/OpensslLibCrypto/OUTPUT/openssl/crypto/evp/e_rc4.obj
/workspace/edk2/Build/ArmVirtQemu-ARM/DEBUG_GCC5/ARM/CryptoPkg/Library/OpensslLib/OpensslLibCrypto/OUTPUT/openssl/crypto/evp/e_rc4_hmac_md5.obj
/workspace/edk2/Build/ArmVirtQemu-ARM/DEBUG_GCC5/ARM/CryptoPkg/Library/OpensslLib/OpensslLibCrypto/OUTPUT/openssl/crypto/evp/e_rc5.obj
/workspace/edk2/Build/ArmVirtQemu-ARM/DEBUG_GCC5/ARM/CryptoPkg/Library/OpensslLib/OpensslLibCrypto/OUTPUT/openssl/crypto/evp/e_seed.obj
/workspace/edk2/Build/ArmVirtQemu-ARM/DEBUG_GCC5/ARM/CryptoPkg/Library/OpensslLib/OpensslLibCrypto/OUTPUT/openssl/crypto/evp/e_sm4.obj
/workspace/edk2/Build/ArmVirtQemu-ARM/DEBUG_GCC5/ARM/CryptoPkg/Library/OpensslLib/OpensslLibCrypto/OUTPUT/openssl/crypto/evp/e_xcbc_d.obj
/workspace/edk2/Build/ArmVirtQemu-ARM/DEBUG_GCC5/ARM/CryptoPkg/Library/OpensslLib/OpensslLibCrypto/OUTPUT/openssl/crypto/evp/encode.obj
/workspace/edk2/Build/ArmVirtQemu-ARM/DEBUG_GCC5/ARM/CryptoPkg/Library/OpensslLib/OpensslLibCrypto/OUTPUT/openssl/crypto/evp/evp_cnf.obj
/workspace/edk2/Build/ArmVirtQemu-ARM/DEBUG_GCC5/ARM/CryptoPkg/Library/OpensslLib/OpensslLibCrypto/OUTPUT/openssl/crypto/evp/evp_enc.obj
/workspace/edk2/Build/ArmVirtQemu-ARM/DEBUG_GCC5/ARM/CryptoPkg/Library/OpensslLib/OpensslLibCrypto/OUTPUT/openssl/crypto/evp/evp_err.obj
/workspace/edk2/Build/ArmVirtQemu-ARM/DEBUG_GCC5/ARM/CryptoPkg/Library/OpensslLib/OpensslLibCrypto/OUTPUT/openssl/crypto/evp/evp_key.obj
/workspace/edk2/Build/ArmVirtQemu-ARM/DEBUG_GCC5/ARM/CryptoPkg/Library/OpensslLib/OpensslLibCrypto/OUTPUT/openssl/crypto/evp/evp_lib.obj
/workspace/edk2/Build/ArmVirtQemu-ARM/DEBUG_GCC5/ARM/CryptoPkg/Library/OpensslLib/OpensslLibCrypto/OUTPUT/openssl/crypto/evp/evp_pbe.obj
/workspace/edk2/Build/ArmVirtQemu-ARM/DEBUG_GCC5/ARM/CryptoPkg/Library/OpensslLib/OpensslLibCrypto/OUTPUT/openssl/crypto/evp/evp_pkey.obj
/workspace/edk2/Build/ArmVirtQemu-ARM/DEBUG_GCC5/ARM/CryptoPkg/Library/OpensslLib/OpensslLibCrypto/OUTPUT/openssl/crypto/evp/m_md2.obj
/workspace/edk2/Build/ArmVirtQemu-ARM/DEBUG_GCC5/ARM/CryptoPkg/Library/OpensslLib/OpensslLibCrypto/OUTPUT/openssl/crypto/evp/m_md4.obj
/workspace/edk2/Build/ArmVirtQemu-ARM/DEBUG_GCC5/ARM/CryptoPkg/Library/OpensslLib/OpensslLibCrypto/OUTPUT/openssl/crypto/evp/m_md5.obj
/workspace/edk2/Build/ArmVirtQemu-ARM/DEBUG_GCC5/ARM/CryptoPkg/Library/OpensslLib/OpensslLibCrypto/OUTPUT/openssl/crypto/evp/m_md5_sha1.obj
/workspace/edk2/Build/ArmVirtQemu-ARM/DEBUG_GCC5/ARM/CryptoPkg/Library/OpensslLib/OpensslLibCrypto/OUTPUT/openssl/crypto/evp/m_mdc2.obj
/workspace/edk2/Build/ArmVirtQemu-ARM/DEBUG_GCC5/ARM/CryptoPkg/Library/OpensslLib/OpensslLibCrypto/OUTPUT/openssl/crypto/evp/m_null.obj
/workspace/edk2/Build/ArmVirtQemu-ARM/DEBUG_GCC5/ARM/CryptoPkg/Library/OpensslLib/OpensslLibCrypto/OUTPUT/openssl/crypto/evp/m_ripemd.obj
/workspace/edk2/Build/ArmVirtQemu-ARM/DEBUG_GCC5/ARM/CryptoPkg/Library/OpensslLib/OpensslLibCrypto/OUTPUT/openssl/crypto/evp/m_sha1.obj
/workspace/edk2/Build/ArmVirtQemu-ARM/DEBUG_GCC5/ARM/CryptoPkg/Library/OpensslLib/OpensslLibCrypto/OUTPUT/openssl/crypto/evp/m_sha3.obj
/workspace/edk2/Build/ArmVirtQemu-ARM/DEBUG_GCC5/ARM/CryptoPkg/Library/OpensslLib/OpensslLibCrypto/OUTPUT/openssl/crypto/evp/m_sigver.obj
/workspace/edk2/Build/ArmVirtQemu-ARM/DEBUG_GCC5/ARM/CryptoPkg/Library/OpensslLib/OpensslLibCrypto/OUTPUT/openssl/crypto/evp/m_wp.obj
/workspace/edk2/Build/ArmVirtQemu-ARM/DEBUG_GCC5/ARM/CryptoPkg/Library/OpensslLib/OpensslLibCrypto/OUTPUT/openssl/crypto/evp/names.obj
/workspace/edk2/Build/ArmVirtQemu-ARM/DEBUG_GCC5/ARM/CryptoPkg/Library/OpensslLib/OpensslLibCrypto/OUTPUT/openssl/crypto/evp/p5_crpt.obj
/workspace/edk2/Build/ArmVirtQemu-ARM/DEBUG_GCC5/ARM/CryptoPkg/Library/OpensslLib/OpensslLibCrypto/OUTPUT/openssl/crypto/evp/p5_crpt2.obj
/workspace/edk2/Build/ArmVirtQemu-ARM/DEBUG_GCC5/ARM/CryptoPkg/Library/OpensslLib/OpensslLibCrypto/OUTPUT/openssl/crypto/evp/p_dec.obj
/workspace/edk2/Build/ArmVirtQemu-ARM/DEBUG_GCC5/ARM/CryptoPkg/Library/OpensslLib/OpensslLibCrypto/OUTPUT/openssl/crypto/evp/p_enc.obj
/workspace/edk2/Build/ArmVirtQemu-ARM/DEBUG_GCC5/ARM/CryptoPkg/Library/OpensslLib/OpensslLibCrypto/OUTPUT/openssl/crypto/evp/p_lib.obj
/workspace/edk2/Build/ArmVirtQemu-ARM/DEBUG_GCC5/ARM/CryptoPkg/Library/OpensslLib/OpensslLibCrypto/OUTPUT/openssl/crypto/evp/p_open.obj
/workspace/edk2/Build/ArmVirtQemu-ARM/DEBUG_GCC5/ARM/CryptoPkg/Library/OpensslLib/OpensslLibCrypto/OUTPUT/openssl/crypto/evp/p_seal.obj
/workspace/edk2/Build/ArmVirtQemu-ARM/DEBUG_GCC5/ARM/CryptoPkg/Library/OpensslLib/OpensslLibCrypto/OUTPUT/openssl/crypto/evp/p_sign.obj
/workspace/edk2/Build/ArmVirtQemu-ARM/DEBUG_GCC5/ARM/CryptoPkg/Library/OpensslLib/OpensslLibCrypto/OUTPUT/openssl/crypto/evp/p_verify.obj
/workspace/edk2/Build/ArmVirtQemu-ARM/DEBUG_GCC5/ARM/CryptoPkg/Library/OpensslLib/OpensslLibCrypto/OUTPUT/openssl/crypto/evp/pbe_scrypt.obj
/workspace/edk2/Build/ArmVirtQemu-ARM/DEBUG_GCC5/ARM/CryptoPkg/Library/OpensslLib/OpensslLibCrypto/OUTPUT/openssl/crypto/evp/pmeth_fn.obj
/workspace/edk2/Build/ArmVirtQemu-ARM/DEBUG_GCC5/ARM/CryptoPkg/Library/OpensslLib/OpensslLibCrypto/OUTPUT/openssl/crypto/evp/pmeth_gn.obj
/workspace/edk2/Build/ArmVirtQemu-ARM/DEBUG_GCC5/ARM/CryptoPkg/Library/OpensslLib/OpensslLibCrypto/OUTPUT/openssl/crypto/evp/pmeth_lib.obj
/workspace/edk2/Build/ArmVirtQemu-ARM/DEBUG_GCC5/ARM/CryptoPkg/Library/OpensslLib/OpensslLibCrypto/OUTPUT/openssl/crypto/ex_data.obj
/workspace/edk2/Build/ArmVirtQemu-ARM/DEBUG_GCC5/ARM/CryptoPkg/Library/OpensslLib/OpensslLibCrypto/OUTPUT/openssl/crypto/getenv.obj
/workspace/edk2/Build/ArmVirtQemu-ARM/DEBUG_GCC5/ARM/CryptoPkg/Library/OpensslLib/OpensslLibCrypto/OUTPUT/openssl/crypto/hmac/hm_ameth.obj
/workspace/edk2/Build/ArmVirtQemu-ARM/DEBUG_GCC5/ARM/CryptoPkg/Library/OpensslLib/OpensslLibCrypto/OUTPUT/openssl/crypto/hmac/hm_pmeth.obj
/workspace/edk2/Build/ArmVirtQemu-ARM/DEBUG_GCC5/ARM/CryptoPkg/Library/OpensslLib/OpensslLibCrypto/OUTPUT/openssl/crypto/hmac/hmac.obj
/workspace/edk2/Build/ArmVirtQemu-ARM/DEBUG_GCC5/ARM/CryptoPkg/Library/OpensslLib/OpensslLibCrypto/OUTPUT/openssl/crypto/init.obj
/workspace/edk2/Build/ArmVirtQemu-ARM/DEBUG_GCC5/ARM/CryptoPkg/Library/OpensslLib/OpensslLibCrypto/OUTPUT/openssl/crypto/kdf/hkdf.obj
/workspace/edk2/Build/ArmVirtQemu-ARM/DEBUG_GCC5/ARM/CryptoPkg/Library/OpensslLib/OpensslLibCrypto/OUTPUT/openssl/crypto/kdf/kdf_err.obj
/workspace/edk2/Build/ArmVirtQemu-ARM/DEBUG_GCC5/ARM/CryptoPkg/Library/OpensslLib/OpensslLibCrypto/OUTPUT/openssl/crypto/kdf/scrypt.obj
/workspace/edk2/Build/ArmVirtQemu-ARM/DEBUG_GCC5/ARM/CryptoPkg/Library/OpensslLib/OpensslLibCrypto/OUTPUT/openssl/crypto/kdf/tls1_prf.obj
/workspace/edk2/Build/ArmVirtQemu-ARM/DEBUG_GCC5/ARM/CryptoPkg/Library/OpensslLib/OpensslLibCrypto/OUTPUT/openssl/crypto/lhash/lh_stats.obj
/workspace/edk2/Build/ArmVirtQemu-ARM/DEBUG_GCC5/ARM/CryptoPkg/Library/OpensslLib/OpensslLibCrypto/OUTPUT/openssl/crypto/lhash/lhash.obj
/workspace/edk2/Build/ArmVirtQemu-ARM/DEBUG_GCC5/ARM/CryptoPkg/Library/OpensslLib/OpensslLibCrypto/OUTPUT/openssl/crypto/md5/md5_dgst.obj
/workspace/edk2/Build/ArmVirtQemu-ARM/DEBUG_GCC5/ARM/CryptoPkg/Library/OpensslLib/OpensslLibCrypto/OUTPUT/openssl/crypto/md5/md5_one.obj
/workspace/edk2/Build/ArmVirtQemu-ARM/DEBUG_GCC5/ARM/CryptoPkg/Library/OpensslLib/OpensslLibCrypto/OUTPUT/openssl/crypto/mem.obj
/workspace/edk2/Build/ArmVirtQemu-ARM/DEBUG_GCC5/ARM/CryptoPkg/Library/OpensslLib/OpensslLibCrypto/OUTPUT/openssl/crypto/mem_clr.obj
/workspace/edk2/Build/ArmVirtQemu-ARM/DEBUG_GCC5/ARM/CryptoPkg/Library/OpensslLib/OpensslLibCrypto/OUTPUT/openssl/crypto/mem_dbg.obj
/workspace/edk2/Build/ArmVirtQemu-ARM/DEBUG_GCC5/ARM/CryptoPkg/Library/OpensslLib/OpensslLibCrypto/OUTPUT/openssl/crypto/mem_sec.obj
/workspace/edk2/Build/ArmVirtQemu-ARM/DEBUG_GCC5/ARM/CryptoPkg/Library/OpensslLib/OpensslLibCrypto/OUTPUT/openssl/crypto/modes/cbc128.obj
/workspace/edk2/Build/ArmVirtQemu-ARM/DEBUG_GCC5/ARM/CryptoPkg/Library/OpensslLib/OpensslLibCrypto/OUTPUT/openssl/crypto/modes/ccm128.obj
/workspace/edk2/Build/ArmVirtQemu-ARM/DEBUG_GCC5/ARM/CryptoPkg/Library/OpensslLib/OpensslLibCrypto/OUTPUT/openssl/crypto/modes/cfb128.obj
/workspace/edk2/Build/ArmVirtQemu-ARM/DEBUG_GCC5/ARM/CryptoPkg/Library/OpensslLib/OpensslLibCrypto/OUTPUT/openssl/crypto/modes/ctr128.obj
/workspace/edk2/Build/ArmVirtQemu-ARM/DEBUG_GCC5/ARM/CryptoPkg/Library/OpensslLib/OpensslLibCrypto/OUTPUT/openssl/crypto/modes/cts128.obj
/workspace/edk2/Build/ArmVirtQemu-ARM/DEBUG_GCC5/ARM/CryptoPkg/Library/OpensslLib/OpensslLibCrypto/OUTPUT/openssl/crypto/modes/gcm128.obj
/workspace/edk2/Build/ArmVirtQemu-ARM/DEBUG_GCC5/ARM/CryptoPkg/Library/OpensslLib/OpensslLibCrypto/OUTPUT/openssl/crypto/modes/ocb128.obj
/workspace/edk2/Build/ArmVirtQemu-ARM/DEBUG_GCC5/ARM/CryptoPkg/Library/OpensslLib/OpensslLibCrypto/OUTPUT/openssl/crypto/modes/ofb128.obj
/workspace/edk2/Build/ArmVirtQemu-ARM/DEBUG_GCC5/ARM/CryptoPkg/Library/OpensslLib/OpensslLibCrypto/OUTPUT/openssl/crypto/modes/wrap128.obj
/workspace/edk2/Build/ArmVirtQemu-ARM/DEBUG_GCC5/ARM/CryptoPkg/Library/OpensslLib/OpensslLibCrypto/OUTPUT/openssl/crypto/modes/xts128.obj
/workspace/edk2/Build/ArmVirtQemu-ARM/DEBUG_GCC5/ARM/CryptoPkg/Library/OpensslLib/OpensslLibCrypto/OUTPUT/openssl/crypto/o_dir.obj
/workspace/edk2/Build/ArmVirtQemu-ARM/DEBUG_GCC5/ARM/CryptoPkg/Library/OpensslLib/OpensslLibCrypto/OUTPUT/openssl/crypto/o_fips.obj
/workspace/edk2/Build/ArmVirtQemu-ARM/DEBUG_GCC5/ARM/CryptoPkg/Library/OpensslLib/OpensslLibCrypto/OUTPUT/openssl/crypto/o_fopen.obj
/workspace/edk2/Build/ArmVirtQemu-ARM/DEBUG_GCC5/ARM/CryptoPkg/Library/OpensslLib/OpensslLibCrypto/OUTPUT/openssl/crypto/o_init.obj
/workspace/edk2/Build/ArmVirtQemu-ARM/DEBUG_GCC5/ARM/CryptoPkg/Library/OpensslLib/OpensslLibCrypto/OUTPUT/openssl/crypto/o_str.obj
/workspace/edk2/Build/ArmVirtQemu-ARM/DEBUG_GCC5/ARM/CryptoPkg/Library/OpensslLib/OpensslLibCrypto/OUTPUT/openssl/crypto/o_time.obj
/workspace/edk2/Build/ArmVirtQemu-ARM/DEBUG_GCC5/ARM/CryptoPkg/Library/OpensslLib/OpensslLibCrypto/OUTPUT/openssl/crypto/objects/o_names.obj
/workspace/edk2/Build/ArmVirtQemu-ARM/DEBUG_GCC5/ARM/CryptoPkg/Library/OpensslLib/OpensslLibCrypto/OUTPUT/openssl/crypto/objects/obj_dat.obj
/workspace/edk2/Build/ArmVirtQemu-ARM/DEBUG_GCC5/ARM/CryptoPkg/Library/OpensslLib/OpensslLibCrypto/OUTPUT/openssl/crypto/objects/obj_err.obj
/workspace/edk2/Build/ArmVirtQemu-ARM/DEBUG_GCC5/ARM/CryptoPkg/Library/OpensslLib/OpensslLibCrypto/OUTPUT/openssl/crypto/objects/obj_lib.obj
/workspace/edk2/Build/ArmVirtQemu-ARM/DEBUG_GCC5/ARM/CryptoPkg/Library/OpensslLib/OpensslLibCrypto/OUTPUT/openssl/crypto/objects/obj_xref.obj
/workspace/edk2/Build/ArmVirtQemu-ARM/DEBUG_GCC5/ARM/CryptoPkg/Library/OpensslLib/OpensslLibCrypto/OUTPUT/openssl/crypto/ocsp/ocsp_asn.obj
/workspace/edk2/Build/ArmVirtQemu-ARM/DEBUG_GCC5/ARM/CryptoPkg/Library/OpensslLib/OpensslLibCrypto/OUTPUT/openssl/crypto/ocsp/ocsp_cl.obj
/workspace/edk2/Build/ArmVirtQemu-ARM/DEBUG_GCC5/ARM/CryptoPkg/Library/OpensslLib/OpensslLibCrypto/OUTPUT/openssl/crypto/ocsp/ocsp_err.obj
/workspace/edk2/Build/ArmVirtQemu-ARM/DEBUG_GCC5/ARM/CryptoPkg/Library/OpensslLib/OpensslLibCrypto/OUTPUT/openssl/crypto/ocsp/ocsp_ext.obj
/workspace/edk2/Build/ArmVirtQemu-ARM/DEBUG_GCC5/ARM/CryptoPkg/Library/OpensslLib/OpensslLibCrypto/OUTPUT/openssl/crypto/ocsp/ocsp_ht.obj
/workspace/edk2/Build/ArmVirtQemu-ARM/DEBUG_GCC5/ARM/CryptoPkg/Library/OpensslLib/OpensslLibCrypto/OUTPUT/openssl/crypto/ocsp/ocsp_lib.obj
/workspace/edk2/Build/ArmVirtQemu-ARM/DEBUG_GCC5/ARM/CryptoPkg/Library/OpensslLib/OpensslLibCrypto/OUTPUT/openssl/crypto/ocsp/ocsp_prn.obj
/workspace/edk2/Build/ArmVirtQemu-ARM/DEBUG_GCC5/ARM/CryptoPkg/Library/OpensslLib/OpensslLibCrypto/OUTPUT/openssl/crypto/ocsp/ocsp_srv.obj
/workspace/edk2/Build/ArmVirtQemu-ARM/DEBUG_GCC5/ARM/CryptoPkg/Library/OpensslLib/OpensslLibCrypto/OUTPUT/openssl/crypto/ocsp/ocsp_vfy.obj
/workspace/edk2/Build/ArmVirtQemu-ARM/DEBUG_GCC5/ARM/CryptoPkg/Library/OpensslLib/OpensslLibCrypto/OUTPUT/openssl/crypto/ocsp/v3_ocsp.obj
/workspace/edk2/Build/ArmVirtQemu-ARM/DEBUG_GCC5/ARM/CryptoPkg/Library/OpensslLib/OpensslLibCrypto/OUTPUT/openssl/crypto/pem/pem_all.obj
/workspace/edk2/Build/ArmVirtQemu-ARM/DEBUG_GCC5/ARM/CryptoPkg/Library/OpensslLib/OpensslLibCrypto/OUTPUT/openssl/crypto/pem/pem_err.obj
/workspace/edk2/Build/ArmVirtQemu-ARM/DEBUG_GCC5/ARM/CryptoPkg/Library/OpensslLib/OpensslLibCrypto/OUTPUT/openssl/crypto/pem/pem_info.obj
/workspace/edk2/Build/ArmVirtQemu-ARM/DEBUG_GCC5/ARM/CryptoPkg/Library/OpensslLib/OpensslLibCrypto/OUTPUT/openssl/crypto/pem/pem_lib.obj
/workspace/edk2/Build/ArmVirtQemu-ARM/DEBUG_GCC5/ARM/CryptoPkg/Library/OpensslLib/OpensslLibCrypto/OUTPUT/openssl/crypto/pem/pem_oth.obj
/workspace/edk2/Build/ArmVirtQemu-ARM/DEBUG_GCC5/ARM/CryptoPkg/Library/OpensslLib/OpensslLibCrypto/OUTPUT/openssl/crypto/pem/pem_pk8.obj
/workspace/edk2/Build/ArmVirtQemu-ARM/DEBUG_GCC5/ARM/CryptoPkg/Library/OpensslLib/OpensslLibCrypto/OUTPUT/openssl/crypto/pem/pem_pkey.obj
/workspace/edk2/Build/ArmVirtQemu-ARM/DEBUG_GCC5/ARM/CryptoPkg/Library/OpensslLib/OpensslLibCrypto/OUTPUT/openssl/crypto/pem/pem_sign.obj
/workspace/edk2/Build/ArmVirtQemu-ARM/DEBUG_GCC5/ARM/CryptoPkg/Library/OpensslLib/OpensslLibCrypto/OUTPUT/openssl/crypto/pem/pem_x509.obj
/workspace/edk2/Build/ArmVirtQemu-ARM/DEBUG_GCC5/ARM/CryptoPkg/Library/OpensslLib/OpensslLibCrypto/OUTPUT/openssl/crypto/pem/pem_xaux.obj
/workspace/edk2/Build/ArmVirtQemu-ARM/DEBUG_GCC5/ARM/CryptoPkg/Library/OpensslLib/OpensslLibCrypto/OUTPUT/openssl/crypto/pem/pvkfmt.obj
/workspace/edk2/Build/ArmVirtQemu-ARM/DEBUG_GCC5/ARM/CryptoPkg/Library/OpensslLib/OpensslLibCrypto/OUTPUT/openssl/crypto/pkcs12/p12_add.obj
/workspace/edk2/Build/ArmVirtQemu-ARM/DEBUG_GCC5/ARM/CryptoPkg/Library/OpensslLib/OpensslLibCrypto/OUTPUT/openssl/crypto/pkcs12/p12_asn.obj
/workspace/edk2/Build/ArmVirtQemu-ARM/DEBUG_GCC5/ARM/CryptoPkg/Library/OpensslLib/OpensslLibCrypto/OUTPUT/openssl/crypto/pkcs12/p12_attr.obj
/workspace/edk2/Build/ArmVirtQemu-ARM/DEBUG_GCC5/ARM/CryptoPkg/Library/OpensslLib/OpensslLibCrypto/OUTPUT/openssl/crypto/pkcs12/p12_crpt.obj
/workspace/edk2/Build/ArmVirtQemu-ARM/DEBUG_GCC5/ARM/CryptoPkg/Library/OpensslLib/OpensslLibCrypto/OUTPUT/openssl/crypto/pkcs12/p12_crt.obj
/workspace/edk2/Build/ArmVirtQemu-ARM/DEBUG_GCC5/ARM/CryptoPkg/Library/OpensslLib/OpensslLibCrypto/OUTPUT/openssl/crypto/pkcs12/p12_decr.obj
/workspace/edk2/Build/ArmVirtQemu-ARM/DEBUG_GCC5/ARM/CryptoPkg/Library/OpensslLib/OpensslLibCrypto/OUTPUT/openssl/crypto/pkcs12/p12_init.obj
/workspace/edk2/Build/ArmVirtQemu-ARM/DEBUG_GCC5/ARM/CryptoPkg/Library/OpensslLib/OpensslLibCrypto/OUTPUT/openssl/crypto/pkcs12/p12_key.obj
/workspace/edk2/Build/ArmVirtQemu-ARM/DEBUG_GCC5/ARM/CryptoPkg/Library/OpensslLib/OpensslLibCrypto/OUTPUT/openssl/crypto/pkcs12/p12_kiss.obj
/workspace/edk2/Build/ArmVirtQemu-ARM/DEBUG_GCC5/ARM/CryptoPkg/Library/OpensslLib/OpensslLibCrypto/OUTPUT/openssl/crypto/pkcs12/p12_mutl.obj
/workspace/edk2/Build/ArmVirtQemu-ARM/DEBUG_GCC5/ARM/CryptoPkg/Library/OpensslLib/OpensslLibCrypto/OUTPUT/openssl/crypto/pkcs12/p12_npas.obj
/workspace/edk2/Build/ArmVirtQemu-ARM/DEBUG_GCC5/ARM/CryptoPkg/Library/OpensslLib/OpensslLibCrypto/OUTPUT/openssl/crypto/pkcs12/p12_p8d.obj
/workspace/edk2/Build/ArmVirtQemu-ARM/DEBUG_GCC5/ARM/CryptoPkg/Library/OpensslLib/OpensslLibCrypto/OUTPUT/openssl/crypto/pkcs12/p12_p8e.obj
/workspace/edk2/Build/ArmVirtQemu-ARM/DEBUG_GCC5/ARM/CryptoPkg/Library/OpensslLib/OpensslLibCrypto/OUTPUT/openssl/crypto/pkcs12/p12_sbag.obj
/workspace/edk2/Build/ArmVirtQemu-ARM/DEBUG_GCC5/ARM/CryptoPkg/Library/OpensslLib/OpensslLibCrypto/OUTPUT/openssl/crypto/pkcs12/p12_utl.obj
/workspace/edk2/Build/ArmVirtQemu-ARM/DEBUG_GCC5/ARM/CryptoPkg/Library/OpensslLib/OpensslLibCrypto/OUTPUT/openssl/crypto/pkcs12/pk12err.obj
/workspace/edk2/Build/ArmVirtQemu-ARM/DEBUG_GCC5/ARM/CryptoPkg/Library/OpensslLib/OpensslLibCrypto/OUTPUT/openssl/crypto/pkcs7/bio_pk7.obj
/workspace/edk2/Build/ArmVirtQemu-ARM/DEBUG_GCC5/ARM/CryptoPkg/Library/OpensslLib/OpensslLibCrypto/OUTPUT/openssl/crypto/pkcs7/pk7_asn1.obj
/workspace/edk2/Build/ArmVirtQemu-ARM/DEBUG_GCC5/ARM/CryptoPkg/Library/OpensslLib/OpensslLibCrypto/OUTPUT/openssl/crypto/pkcs7/pk7_attr.obj
/workspace/edk2/Build/ArmVirtQemu-ARM/DEBUG_GCC5/ARM/CryptoPkg/Library/OpensslLib/OpensslLibCrypto/OUTPUT/openssl/crypto/pkcs7/pk7_doit.obj
/workspace/edk2/Build/ArmVirtQemu-ARM/DEBUG_GCC5/ARM/CryptoPkg/Library/OpensslLib/OpensslLibCrypto/OUTPUT/openssl/crypto/pkcs7/pk7_lib.obj
/workspace/edk2/Build/ArmVirtQemu-ARM/DEBUG_GCC5/ARM/CryptoPkg/Library/OpensslLib/OpensslLibCrypto/OUTPUT/openssl/crypto/pkcs7/pk7_mime.obj
/workspace/edk2/Build/ArmVirtQemu-ARM/DEBUG_GCC5/ARM/CryptoPkg/Library/OpensslLib/OpensslLibCrypto/OUTPUT/openssl/crypto/pkcs7/pk7_smime.obj
/workspace/edk2/Build/ArmVirtQemu-ARM/DEBUG_GCC5/ARM/CryptoPkg/Library/OpensslLib/OpensslLibCrypto/OUTPUT/openssl/crypto/pkcs7/pkcs7err.obj
/workspace/edk2/Build/ArmVirtQemu-ARM/DEBUG_GCC5/ARM/CryptoPkg/Library/OpensslLib/OpensslLibCrypto/OUTPUT/openssl/crypto/rand/drbg_ctr.obj
/workspace/edk2/Build/ArmVirtQemu-ARM/DEBUG_GCC5/ARM/CryptoPkg/Library/OpensslLib/OpensslLibCrypto/OUTPUT/openssl/crypto/rand/drbg_lib.obj
/workspace/edk2/Build/ArmVirtQemu-ARM/DEBUG_GCC5/ARM/CryptoPkg/Library/OpensslLib/OpensslLibCrypto/OUTPUT/openssl/crypto/rand/rand_egd.obj
/workspace/edk2/Build/ArmVirtQemu-ARM/DEBUG_GCC5/ARM/CryptoPkg/Library/OpensslLib/OpensslLibCrypto/OUTPUT/openssl/crypto/rand/rand_err.obj
/workspace/edk2/Build/ArmVirtQemu-ARM/DEBUG_GCC5/ARM/CryptoPkg/Library/OpensslLib/OpensslLibCrypto/OUTPUT/openssl/crypto/rand/rand_lib.obj
/workspace/edk2/Build/ArmVirtQemu-ARM/DEBUG_GCC5/ARM/CryptoPkg/Library/OpensslLib/OpensslLibCrypto/OUTPUT/openssl/crypto/rand/rand_unix.obj
/workspace/edk2/Build/ArmVirtQemu-ARM/DEBUG_GCC5/ARM/CryptoPkg/Library/OpensslLib/OpensslLibCrypto/OUTPUT/openssl/crypto/rand/rand_vms.obj
/workspace/edk2/Build/ArmVirtQemu-ARM/DEBUG_GCC5/ARM/CryptoPkg/Library/OpensslLib/OpensslLibCrypto/OUTPUT/openssl/crypto/rand/rand_win.obj
/workspace/edk2/Build/ArmVirtQemu-ARM/DEBUG_GCC5/ARM/CryptoPkg/Library/OpensslLib/OpensslLibCrypto/OUTPUT/openssl/crypto/rsa/rsa_ameth.obj
/workspace/edk2/Build/ArmVirtQemu-ARM/DEBUG_GCC5/ARM/CryptoPkg/Library/OpensslLib/OpensslLibCrypto/OUTPUT/openssl/crypto/rsa/rsa_asn1.obj
/workspace/edk2/Build/ArmVirtQemu-ARM/DEBUG_GCC5/ARM/CryptoPkg/Library/OpensslLib/OpensslLibCrypto/OUTPUT/openssl/crypto/rsa/rsa_chk.obj
/workspace/edk2/Build/ArmVirtQemu-ARM/DEBUG_GCC5/ARM/CryptoPkg/Library/OpensslLib/OpensslLibCrypto/OUTPUT/openssl/crypto/rsa/rsa_crpt.obj
/workspace/edk2/Build/ArmVirtQemu-ARM/DEBUG_GCC5/ARM/CryptoPkg/Library/OpensslLib/OpensslLibCrypto/OUTPUT/openssl/crypto/rsa/rsa_depr.obj
/workspace/edk2/Build/ArmVirtQemu-ARM/DEBUG_GCC5/ARM/CryptoPkg/Library/OpensslLib/OpensslLibCrypto/OUTPUT/openssl/crypto/rsa/rsa_err.obj
/workspace/edk2/Build/ArmVirtQemu-ARM/DEBUG_GCC5/ARM/CryptoPkg/Library/OpensslLib/OpensslLibCrypto/OUTPUT/openssl/crypto/rsa/rsa_gen.obj
/workspace/edk2/Build/ArmVirtQemu-ARM/DEBUG_GCC5/ARM/CryptoPkg/Library/OpensslLib/OpensslLibCrypto/OUTPUT/openssl/crypto/rsa/rsa_lib.obj
/workspace/edk2/Build/ArmVirtQemu-ARM/DEBUG_GCC5/ARM/CryptoPkg/Library/OpensslLib/OpensslLibCrypto/OUTPUT/openssl/crypto/rsa/rsa_meth.obj
/workspace/edk2/Build/ArmVirtQemu-ARM/DEBUG_GCC5/ARM/CryptoPkg/Library/OpensslLib/OpensslLibCrypto/OUTPUT/openssl/crypto/rsa/rsa_mp.obj
/workspace/edk2/Build/ArmVirtQemu-ARM/DEBUG_GCC5/ARM/CryptoPkg/Library/OpensslLib/OpensslLibCrypto/OUTPUT/openssl/crypto/rsa/rsa_none.obj
/workspace/edk2/Build/ArmVirtQemu-ARM/DEBUG_GCC5/ARM/CryptoPkg/Library/OpensslLib/OpensslLibCrypto/OUTPUT/openssl/crypto/rsa/rsa_oaep.obj
/workspace/edk2/Build/ArmVirtQemu-ARM/DEBUG_GCC5/ARM/CryptoPkg/Library/OpensslLib/OpensslLibCrypto/OUTPUT/openssl/crypto/rsa/rsa_ossl.obj
/workspace/edk2/Build/ArmVirtQemu-ARM/DEBUG_GCC5/ARM/CryptoPkg/Library/OpensslLib/OpensslLibCrypto/OUTPUT/openssl/crypto/rsa/rsa_pk1.obj
/workspace/edk2/Build/ArmVirtQemu-ARM/DEBUG_GCC5/ARM/CryptoPkg/Library/OpensslLib/OpensslLibCrypto/OUTPUT/openssl/crypto/rsa/rsa_pmeth.obj
/workspace/edk2/Build/ArmVirtQemu-ARM/DEBUG_GCC5/ARM/CryptoPkg/Library/OpensslLib/OpensslLibCrypto/OUTPUT/openssl/crypto/rsa/rsa_prn.obj
/workspace/edk2/Build/ArmVirtQemu-ARM/DEBUG_GCC5/ARM/CryptoPkg/Library/OpensslLib/OpensslLibCrypto/OUTPUT/openssl/crypto/rsa/rsa_pss.obj
/workspace/edk2/Build/ArmVirtQemu-ARM/DEBUG_GCC5/ARM/CryptoPkg/Library/OpensslLib/OpensslLibCrypto/OUTPUT/openssl/crypto/rsa/rsa_saos.obj
/workspace/edk2/Build/ArmVirtQemu-ARM/DEBUG_GCC5/ARM/CryptoPkg/Library/OpensslLib/OpensslLibCrypto/OUTPUT/openssl/crypto/rsa/rsa_sign.obj
/workspace/edk2/Build/ArmVirtQemu-ARM/DEBUG_GCC5/ARM/CryptoPkg/Library/OpensslLib/OpensslLibCrypto/OUTPUT/openssl/crypto/rsa/rsa_ssl.obj
/workspace/edk2/Build/ArmVirtQemu-ARM/DEBUG_GCC5/ARM/CryptoPkg/Library/OpensslLib/OpensslLibCrypto/OUTPUT/openssl/crypto/rsa/rsa_x931.obj
/workspace/edk2/Build/ArmVirtQemu-ARM/DEBUG_GCC5/ARM/CryptoPkg/Library/OpensslLib/OpensslLibCrypto/OUTPUT/openssl/crypto/rsa/rsa_x931g.obj
/workspace/edk2/Build/ArmVirtQemu-ARM/DEBUG_GCC5/ARM/CryptoPkg/Library/OpensslLib/OpensslLibCrypto/OUTPUT/openssl/crypto/sha/keccak1600.obj
/workspace/edk2/Build/ArmVirtQemu-ARM/DEBUG_GCC5/ARM/CryptoPkg/Library/OpensslLib/OpensslLibCrypto/OUTPUT/openssl/crypto/sha/sha1_one.obj
/workspace/edk2/Build/ArmVirtQemu-ARM/DEBUG_GCC5/ARM/CryptoPkg/Library/OpensslLib/OpensslLibCrypto/OUTPUT/openssl/crypto/sha/sha1dgst.obj
/workspace/edk2/Build/ArmVirtQemu-ARM/DEBUG_GCC5/ARM/CryptoPkg/Library/OpensslLib/OpensslLibCrypto/OUTPUT/openssl/crypto/sha/sha256.obj
/workspace/edk2/Build/ArmVirtQemu-ARM/DEBUG_GCC5/ARM/CryptoPkg/Library/OpensslLib/OpensslLibCrypto/OUTPUT/openssl/crypto/sha/sha512.obj
/workspace/edk2/Build/ArmVirtQemu-ARM/DEBUG_GCC5/ARM/CryptoPkg/Library/OpensslLib/OpensslLibCrypto/OUTPUT/openssl/crypto/siphash/siphash.obj
/workspace/edk2/Build/ArmVirtQemu-ARM/DEBUG_GCC5/ARM/CryptoPkg/Library/OpensslLib/OpensslLibCrypto/OUTPUT/openssl/crypto/siphash/siphash_ameth.obj
/workspace/edk2/Build/ArmVirtQemu-ARM/DEBUG_GCC5/ARM/CryptoPkg/Library/OpensslLib/OpensslLibCrypto/OUTPUT/openssl/crypto/siphash/siphash_pmeth.obj
/workspace/edk2/Build/ArmVirtQemu-ARM/DEBUG_GCC5/ARM/CryptoPkg/Library/OpensslLib/OpensslLibCrypto/OUTPUT/openssl/crypto/sm3/m_sm3.obj
/workspace/edk2/Build/ArmVirtQemu-ARM/DEBUG_GCC5/ARM/CryptoPkg/Library/OpensslLib/OpensslLibCrypto/OUTPUT/openssl/crypto/sm3/sm3.obj
/workspace/edk2/Build/ArmVirtQemu-ARM/DEBUG_GCC5/ARM/CryptoPkg/Library/OpensslLib/OpensslLibCrypto/OUTPUT/openssl/crypto/sm4/sm4.obj
/workspace/edk2/Build/ArmVirtQemu-ARM/DEBUG_GCC5/ARM/CryptoPkg/Library/OpensslLib/OpensslLibCrypto/OUTPUT/openssl/crypto/stack/stack.obj
/workspace/edk2/Build/ArmVirtQemu-ARM/DEBUG_GCC5/ARM/CryptoPkg/Library/OpensslLib/OpensslLibCrypto/OUTPUT/openssl/crypto/threads_none.obj
/workspace/edk2/Build/ArmVirtQemu-ARM/DEBUG_GCC5/ARM/CryptoPkg/Library/OpensslLib/OpensslLibCrypto/OUTPUT/openssl/crypto/threads_pthread.obj
/workspace/edk2/Build/ArmVirtQemu-ARM/DEBUG_GCC5/ARM/CryptoPkg/Library/OpensslLib/OpensslLibCrypto/OUTPUT/openssl/crypto/threads_win.obj
/workspace/edk2/Build/ArmVirtQemu-ARM/DEBUG_GCC5/ARM/CryptoPkg/Library/OpensslLib/OpensslLibCrypto/OUTPUT/openssl/crypto/txt_db/txt_db.obj
/workspace/edk2/Build/ArmVirtQemu-ARM/DEBUG_GCC5/ARM/CryptoPkg/Library/OpensslLib/OpensslLibCrypto/OUTPUT/openssl/crypto/ui/ui_err.obj
/workspace/edk2/Build/ArmVirtQemu-ARM/DEBUG_GCC5/ARM/CryptoPkg/Library/OpensslLib/OpensslLibCrypto/OUTPUT/openssl/crypto/ui/ui_lib.obj
/workspace/edk2/Build/ArmVirtQemu-ARM/DEBUG_GCC5/ARM/CryptoPkg/Library/OpensslLib/OpensslLibCrypto/OUTPUT/openssl/crypto/ui/ui_null.obj
/workspace/edk2/Build/ArmVirtQemu-ARM/DEBUG_GCC5/ARM/CryptoPkg/Library/OpensslLib/OpensslLibCrypto/OUTPUT/openssl/crypto/ui/ui_openssl.obj
/workspace/edk2/Build/ArmVirtQemu-ARM/DEBUG_GCC5/ARM/CryptoPkg/Library/OpensslLib/OpensslLibCrypto/OUTPUT/openssl/crypto/ui/ui_util.obj
/workspace/edk2/Build/ArmVirtQemu-ARM/DEBUG_GCC5/ARM/CryptoPkg/Library/OpensslLib/OpensslLibCrypto/OUTPUT/openssl/crypto/uid.obj
/workspace/edk2/Build/ArmVirtQemu-ARM/DEBUG_GCC5/ARM/CryptoPkg/Library/OpensslLib/OpensslLibCrypto/OUTPUT/openssl/crypto/x509/by_dir.obj
/workspace/edk2/Build/ArmVirtQemu-ARM/DEBUG_GCC5/ARM/CryptoPkg/Library/OpensslLib/OpensslLibCrypto/OUTPUT/openssl/crypto/x509/by_file.obj
/workspace/edk2/Build/ArmVirtQemu-ARM/DEBUG_GCC5/ARM/CryptoPkg/Library/OpensslLib/OpensslLibCrypto/OUTPUT/openssl/crypto/x509/t_crl.obj
/workspace/edk2/Build/ArmVirtQemu-ARM/DEBUG_GCC5/ARM/CryptoPkg/Library/OpensslLib/OpensslLibCrypto/OUTPUT/openssl/crypto/x509/t_req.obj
/workspace/edk2/Build/ArmVirtQemu-ARM/DEBUG_GCC5/ARM/CryptoPkg/Library/OpensslLib/OpensslLibCrypto/OUTPUT/openssl/crypto/x509/t_x509.obj
/workspace/edk2/Build/ArmVirtQemu-ARM/DEBUG_GCC5/ARM/CryptoPkg/Library/OpensslLib/OpensslLibCrypto/OUTPUT/openssl/crypto/x509/x509_att.obj
/workspace/edk2/Build/ArmVirtQemu-ARM/DEBUG_GCC5/ARM/CryptoPkg/Library/OpensslLib/OpensslLibCrypto/OUTPUT/openssl/crypto/x509/x509_cmp.obj
/workspace/edk2/Build/ArmVirtQemu-ARM/DEBUG_GCC5/ARM/CryptoPkg/Library/OpensslLib/OpensslLibCrypto/OUTPUT/openssl/crypto/x509/x509_d2.obj
/workspace/edk2/Build/ArmVirtQemu-ARM/DEBUG_GCC5/ARM/CryptoPkg/Library/OpensslLib/OpensslLibCrypto/OUTPUT/openssl/crypto/x509/x509_def.obj
/workspace/edk2/Build/ArmVirtQemu-ARM/DEBUG_GCC5/ARM/CryptoPkg/Library/OpensslLib/OpensslLibCrypto/OUTPUT/openssl/crypto/x509/x509_err.obj
/workspace/edk2/Build/ArmVirtQemu-ARM/DEBUG_GCC5/ARM/CryptoPkg/Library/OpensslLib/OpensslLibCrypto/OUTPUT/openssl/crypto/x509/x509_ext.obj
/workspace/edk2/Build/ArmVirtQemu-ARM/DEBUG_GCC5/ARM/CryptoPkg/Library/OpensslLib/OpensslLibCrypto/OUTPUT/openssl/crypto/x509/x509_lu.obj
/workspace/edk2/Build/ArmVirtQemu-ARM/DEBUG_GCC5/ARM/CryptoPkg/Library/OpensslLib/OpensslLibCrypto/OUTPUT/openssl/crypto/x509/x509_meth.obj
/workspace/edk2/Build/ArmVirtQemu-ARM/DEBUG_GCC5/ARM/CryptoPkg/Library/OpensslLib/OpensslLibCrypto/OUTPUT/openssl/crypto/x509/x509_obj.obj
/workspace/edk2/Build/ArmVirtQemu-ARM/DEBUG_GCC5/ARM/CryptoPkg/Library/OpensslLib/OpensslLibCrypto/OUTPUT/openssl/crypto/x509/x509_r2x.obj
/workspace/edk2/Build/ArmVirtQemu-ARM/DEBUG_GCC5/ARM/CryptoPkg/Library/OpensslLib/OpensslLibCrypto/OUTPUT/openssl/crypto/x509/x509_req.obj
/workspace/edk2/Build/ArmVirtQemu-ARM/DEBUG_GCC5/ARM/CryptoPkg/Library/OpensslLib/OpensslLibCrypto/OUTPUT/openssl/crypto/x509/x509_set.obj
/workspace/edk2/Build/ArmVirtQemu-ARM/DEBUG_GCC5/ARM/CryptoPkg/Library/OpensslLib/OpensslLibCrypto/OUTPUT/openssl/crypto/x509/x509_trs.obj
/workspace/edk2/Build/ArmVirtQemu-ARM/DEBUG_GCC5/ARM/CryptoPkg/Library/OpensslLib/OpensslLibCrypto/OUTPUT/openssl/crypto/x509/x509_txt.obj
/workspace/edk2/Build/ArmVirtQemu-ARM/DEBUG_GCC5/ARM/CryptoPkg/Library/OpensslLib/OpensslLibCrypto/OUTPUT/openssl/crypto/x509/x509_v3.obj
/workspace/edk2/Build/ArmVirtQemu-ARM/DEBUG_GCC5/ARM/CryptoPkg/Library/OpensslLib/OpensslLibCrypto/OUTPUT/openssl/crypto/x509/x509_vfy.obj
/workspace/edk2/Build/ArmVirtQemu-ARM/DEBUG_GCC5/ARM/CryptoPkg/Library/OpensslLib/OpensslLibCrypto/OUTPUT/openssl/crypto/x509/x509_vpm.obj
/workspace/edk2/Build/ArmVirtQemu-ARM/DEBUG_GCC5/ARM/CryptoPkg/Library/OpensslLib/OpensslLibCrypto/OUTPUT/openssl/crypto/x509/x509cset.obj
/workspace/edk2/Build/ArmVirtQemu-ARM/DEBUG_GCC5/ARM/CryptoPkg/Library/OpensslLib/OpensslLibCrypto/OUTPUT/openssl/crypto/x509/x509name.obj
/workspace/edk2/Build/ArmVirtQemu-ARM/DEBUG_GCC5/ARM/CryptoPkg/Library/OpensslLib/OpensslLibCrypto/OUTPUT/openssl/crypto/x509/x509rset.obj
/workspace/edk2/Build/ArmVirtQemu-ARM/DEBUG_GCC5/ARM/CryptoPkg/Library/OpensslLib/OpensslLibCrypto/OUTPUT/openssl/crypto/x509/x509spki.obj
/workspace/edk2/Build/ArmVirtQemu-ARM/DEBUG_GCC5/ARM/CryptoPkg/Library/OpensslLib/OpensslLibCrypto/OUTPUT/openssl/crypto/x509/x509type.obj
/workspace/edk2/Build/ArmVirtQemu-ARM/DEBUG_GCC5/ARM/CryptoPkg/Library/OpensslLib/OpensslLibCrypto/OUTPUT/openssl/crypto/x509/x_all.obj
/workspace/edk2/Build/ArmVirtQemu-ARM/DEBUG_GCC5/ARM/CryptoPkg/Library/OpensslLib/OpensslLibCrypto/OUTPUT/openssl/crypto/x509/x_attrib.obj
/workspace/edk2/Build/ArmVirtQemu-ARM/DEBUG_GCC5/ARM/CryptoPkg/Library/OpensslLib/OpensslLibCrypto/OUTPUT/openssl/crypto/x509/x_crl.obj
/workspace/edk2/Build/ArmVirtQemu-ARM/DEBUG_GCC5/ARM/CryptoPkg/Library/OpensslLib/OpensslLibCrypto/OUTPUT/openssl/crypto/x509/x_exten.obj
/workspace/edk2/Build/ArmVirtQemu-ARM/DEBUG_GCC5/ARM/CryptoPkg/Library/OpensslLib/OpensslLibCrypto/OUTPUT/openssl/crypto/x509/x_name.obj
/workspace/edk2/Build/ArmVirtQemu-ARM/DEBUG_GCC5/ARM/CryptoPkg/Library/OpensslLib/OpensslLibCrypto/OUTPUT/openssl/crypto/x509/x_pubkey.obj
/workspace/edk2/Build/ArmVirtQemu-ARM/DEBUG_GCC5/ARM/CryptoPkg/Library/OpensslLib/OpensslLibCrypto/OUTPUT/openssl/crypto/x509/x_req.obj
/workspace/edk2/Build/ArmVirtQemu-ARM/DEBUG_GCC5/ARM/CryptoPkg/Library/OpensslLib/OpensslLibCrypto/OUTPUT/openssl/crypto/x509/x_x509.obj
/workspace/edk2/Build/ArmVirtQemu-ARM/DEBUG_GCC5/ARM/CryptoPkg/Library/OpensslLib/OpensslLibCrypto/OUTPUT/openssl/crypto/x509/x_x509a.obj
/workspace/edk2/Build/ArmVirtQemu-ARM/DEBUG_GCC5/ARM/CryptoPkg/Library/OpensslLib/OpensslLibCrypto/OUTPUT/openssl/crypto/x509v3/pcy_cache.obj
/workspace/edk2/Build/ArmVirtQemu-ARM/DEBUG_GCC5/ARM/CryptoPkg/Library/OpensslLib/OpensslLibCrypto/OUTPUT/openssl/crypto/x509v3/pcy_data.obj
/workspace/edk2/Build/ArmVirtQemu-ARM/DEBUG_GCC5/ARM/CryptoPkg/Library/OpensslLib/OpensslLibCrypto/OUTPUT/openssl/crypto/x509v3/pcy_lib.obj
/workspace/edk2/Build/ArmVirtQemu-ARM/DEBUG_GCC5/ARM/CryptoPkg/Library/OpensslLib/OpensslLibCrypto/OUTPUT/openssl/crypto/x509v3/pcy_map.obj
/workspace/edk2/Build/ArmVirtQemu-ARM/DEBUG_GCC5/ARM/CryptoPkg/Library/OpensslLib/OpensslLibCrypto/OUTPUT/openssl/crypto/x509v3/pcy_node.obj
/workspace/edk2/Build/ArmVirtQemu-ARM/DEBUG_GCC5/ARM/CryptoPkg/Library/OpensslLib/OpensslLibCrypto/OUTPUT/openssl/crypto/x509v3/pcy_tree.obj
/workspace/edk2/Build/ArmVirtQemu-ARM/DEBUG_GCC5/ARM/CryptoPkg/Library/OpensslLib/OpensslLibCrypto/OUTPUT/openssl/crypto/x509v3/v3_addr.obj
/workspace/edk2/Build/ArmVirtQemu-ARM/DEBUG_GCC5/ARM/CryptoPkg/Library/OpensslLib/OpensslLibCrypto/OUTPUT/openssl/crypto/x509v3/v3_admis.obj
/workspace/edk2/Build/ArmVirtQemu-ARM/DEBUG_GCC5/ARM/CryptoPkg/Library/OpensslLib/OpensslLibCrypto/OUTPUT/openssl/crypto/x509v3/v3_akey.obj
/workspace/edk2/Build/ArmVirtQemu-ARM/DEBUG_GCC5/ARM/CryptoPkg/Library/OpensslLib/OpensslLibCrypto/OUTPUT/openssl/crypto/x509v3/v3_akeya.obj
/workspace/edk2/Build/ArmVirtQemu-ARM/DEBUG_GCC5/ARM/CryptoPkg/Library/OpensslLib/OpensslLibCrypto/OUTPUT/openssl/crypto/x509v3/v3_alt.obj
/workspace/edk2/Build/ArmVirtQemu-ARM/DEBUG_GCC5/ARM/CryptoPkg/Library/OpensslLib/OpensslLibCrypto/OUTPUT/openssl/crypto/x509v3/v3_asid.obj
/workspace/edk2/Build/ArmVirtQemu-ARM/DEBUG_GCC5/ARM/CryptoPkg/Library/OpensslLib/OpensslLibCrypto/OUTPUT/openssl/crypto/x509v3/v3_bcons.obj
/workspace/edk2/Build/ArmVirtQemu-ARM/DEBUG_GCC5/ARM/CryptoPkg/Library/OpensslLib/OpensslLibCrypto/OUTPUT/openssl/crypto/x509v3/v3_bitst.obj
/workspace/edk2/Build/ArmVirtQemu-ARM/DEBUG_GCC5/ARM/CryptoPkg/Library/OpensslLib/OpensslLibCrypto/OUTPUT/openssl/crypto/x509v3/v3_conf.obj
/workspace/edk2/Build/ArmVirtQemu-ARM/DEBUG_GCC5/ARM/CryptoPkg/Library/OpensslLib/OpensslLibCrypto/OUTPUT/openssl/crypto/x509v3/v3_cpols.obj
/workspace/edk2/Build/ArmVirtQemu-ARM/DEBUG_GCC5/ARM/CryptoPkg/Library/OpensslLib/OpensslLibCrypto/OUTPUT/openssl/crypto/x509v3/v3_crld.obj
/workspace/edk2/Build/ArmVirtQemu-ARM/DEBUG_GCC5/ARM/CryptoPkg/Library/OpensslLib/OpensslLibCrypto/OUTPUT/openssl/crypto/x509v3/v3_enum.obj
/workspace/edk2/Build/ArmVirtQemu-ARM/DEBUG_GCC5/ARM/CryptoPkg/Library/OpensslLib/OpensslLibCrypto/OUTPUT/openssl/crypto/x509v3/v3_extku.obj
/workspace/edk2/Build/ArmVirtQemu-ARM/DEBUG_GCC5/ARM/CryptoPkg/Library/OpensslLib/OpensslLibCrypto/OUTPUT/openssl/crypto/x509v3/v3_genn.obj
/workspace/edk2/Build/ArmVirtQemu-ARM/DEBUG_GCC5/ARM/CryptoPkg/Library/OpensslLib/OpensslLibCrypto/OUTPUT/openssl/crypto/x509v3/v3_ia5.obj
/workspace/edk2/Build/ArmVirtQemu-ARM/DEBUG_GCC5/ARM/CryptoPkg/Library/OpensslLib/OpensslLibCrypto/OUTPUT/openssl/crypto/x509v3/v3_info.obj
/workspace/edk2/Build/ArmVirtQemu-ARM/DEBUG_GCC5/ARM/CryptoPkg/Library/OpensslLib/OpensslLibCrypto/OUTPUT/openssl/crypto/x509v3/v3_int.obj
/workspace/edk2/Build/ArmVirtQemu-ARM/DEBUG_GCC5/ARM/CryptoPkg/Library/OpensslLib/OpensslLibCrypto/OUTPUT/openssl/crypto/x509v3/v3_lib.obj
/workspace/edk2/Build/ArmVirtQemu-ARM/DEBUG_GCC5/ARM/CryptoPkg/Library/OpensslLib/OpensslLibCrypto/OUTPUT/openssl/crypto/x509v3/v3_ncons.obj
/workspace/edk2/Build/ArmVirtQemu-ARM/DEBUG_GCC5/ARM/CryptoPkg/Library/OpensslLib/OpensslLibCrypto/OUTPUT/openssl/crypto/x509v3/v3_pci.obj
/workspace/edk2/Build/ArmVirtQemu-ARM/DEBUG_GCC5/ARM/CryptoPkg/Library/OpensslLib/OpensslLibCrypto/OUTPUT/openssl/crypto/x509v3/v3_pcia.obj
/workspace/edk2/Build/ArmVirtQemu-ARM/DEBUG_GCC5/ARM/CryptoPkg/Library/OpensslLib/OpensslLibCrypto/OUTPUT/openssl/crypto/x509v3/v3_pcons.obj
/workspace/edk2/Build/ArmVirtQemu-ARM/DEBUG_GCC5/ARM/CryptoPkg/Library/OpensslLib/OpensslLibCrypto/OUTPUT/openssl/crypto/x509v3/v3_pku.obj
/workspace/edk2/Build/ArmVirtQemu-ARM/DEBUG_GCC5/ARM/CryptoPkg/Library/OpensslLib/OpensslLibCrypto/OUTPUT/openssl/crypto/x509v3/v3_pmaps.obj
/workspace/edk2/Build/ArmVirtQemu-ARM/DEBUG_GCC5/ARM/CryptoPkg/Library/OpensslLib/OpensslLibCrypto/OUTPUT/openssl/crypto/x509v3/v3_prn.obj
/workspace/edk2/Build/ArmVirtQemu-ARM/DEBUG_GCC5/ARM/CryptoPkg/Library/OpensslLib/OpensslLibCrypto/OUTPUT/openssl/crypto/x509v3/v3_purp.obj
/workspace/edk2/Build/ArmVirtQemu-ARM/DEBUG_GCC5/ARM/CryptoPkg/Library/OpensslLib/OpensslLibCrypto/OUTPUT/openssl/crypto/x509v3/v3_skey.obj
/workspace/edk2/Build/ArmVirtQemu-ARM/DEBUG_GCC5/ARM/CryptoPkg/Library/OpensslLib/OpensslLibCrypto/OUTPUT/openssl/crypto/x509v3/v3_sxnet.obj
/workspace/edk2/Build/ArmVirtQemu-ARM/DEBUG_GCC5/ARM/CryptoPkg/Library/OpensslLib/OpensslLibCrypto/OUTPUT/openssl/crypto/x509v3/v3_tlsf.obj
/workspace/edk2/Build/ArmVirtQemu-ARM/DEBUG_GCC5/ARM/CryptoPkg/Library/OpensslLib/OpensslLibCrypto/OUTPUT/openssl/crypto/x509v3/v3_utl.obj
/workspace/edk2/Build/ArmVirtQemu-ARM/DEBUG_GCC5/ARM/CryptoPkg/Library/OpensslLib/OpensslLibCrypto/OUTPUT/openssl/crypto/x509v3/v3err.obj
/workspace/edk2/Build/ArmVirtQemu-ARM/DEBUG_GCC5/ARM/CryptoPkg/Library/OpensslLib/OpensslLibCrypto/OUTPUT/ossl_store.obj
/workspace/edk2/Build/ArmVirtQemu-ARM/DEBUG_GCC5/ARM/CryptoPkg/Library/OpensslLib/OpensslLibCrypto/OUTPUT/rand_pool.obj